["section'", 'section']
['exp', 'exp', '&', 'exp1']
['exp', 'exp', '|', 'exp1']
['exp', 'exp1']
['exp1', 'exp1', '%', 'exp2']
['exp1', 'exp2']
['exp2', 'exp2', '>', 'exp3']
['exp2', 'exp2', '<', 'exp3']
['exp2', 'exp3']
['exp3', 'exp3', '+', 'exp4']
['exp3', 'exp3', '-', 'exp4']
['exp3', 'exp4']
['exp4', 'exp4', '*', 'exp5']
['exp4', 'exp4', '/', 'exp5']
['exp4', 'exp5']
['exp5', '!', 'exp5']
['exp5', '(', 'exp', ')']
['exp5', 'id']
['section', '{', 'sents', '}']
['section', 'sent', ';']
['sents', 'sents', 'sent', ';']
['sents', 'sent', ';']
['sent', 'ifsent']
['sent', 'whilesent']
['sent', 'forsent']
['sent', 'initsent']
['sent', 'eqlsent']
['ifsent', 'if', '(', 'exp', ')', 'section']
['whilesent', 'while', '(', 'exp', ')', 'section']
['forsent', 'for', '(', 'section', ';', 'exp', ';', 'section', ')', 'section']
['initsent', 'type', 'id']
['eqlsent', 'id', '=', 'exp']
['type', 'int']
['type', 'bool']
['type', 'float']
['type', 'char']
V= set(['forsent', "section'", 'exp2', 'exp1', 'whilesent', 'ifsent', 'exp5', 'exp4', 'exp3', 'exp', 'eqlsent', 'sents', 'initsent', 'type', 'section', 'sent'])
T= set(['int', 'float', 'char', 'id', 'if', '!', '#', '%', 'for', '&', ')', '(', '+', '*', '-', '/', 'bool', ';', '=', '<', '>', 'while', '{', '}', '|'])
[  0]
      (27, 0, ';')
      (26, 0, ';')
      (31, 0, ';')
      (0, 0, '#')
      (22, 0, ';')
      (25, 0, ';')
      (29, 0, ';')
      (30, 0, ';')
      (19, 0, '#')
      (34, 0, 'id')
      (33, 0, 'id')
      (32, 0, 'id')
      (28, 0, ';')
      (18, 0, '#')
      (23, 0, ';')
      (35, 0, 'id')
      (24, 0, ';')
[  1]
      (24, 1, ';')
[  2]
      (32, 1, 'id')
[  3]
      (23, 1, ';')
[  4]
      (34, 1, 'id')
[  5]
      (22, 1, ';')
[  6]
      (35, 1, 'id')
[  7]
      (30, 1, ';')
[  8]
      (26, 1, ';')
[  9]
      (21, 0, 'bool')
      (21, 0, 'for')
      (31, 0, ';')
      (24, 0, ';')
      (20, 0, 'if')
      (25, 0, ';')
      (20, 0, 'int')
      (21, 0, 'if')
      (33, 0, 'id')
      (20, 0, 'id')
      (26, 0, ';')
      (21, 0, 'id')
      (27, 0, ';')
      (34, 0, 'id')
      (32, 0, 'id')
      (20, 0, '}')
      (21, 0, 'float')
      (20, 0, 'bool')
      (21, 0, 'int')
      (20, 0, 'for')
      (20, 0, 'char')
      (21, 0, 'while')
      (20, 0, 'while')
      (30, 0, ';')
      (23, 0, ';')
      (18, 1, '#')
      (22, 0, ';')
      (29, 0, ';')
      (35, 0, 'id')
      (21, 0, '}')
      (28, 0, ';')
      (20, 0, 'float')
      (21, 0, 'char')
[ 10]
      (31, 1, ';')
[ 11]
      (27, 1, ';')
[ 12]
      (29, 1, ';')
[ 13]
      (28, 1, ';')
[ 14]
      (33, 1, 'id')
[ 15]
      (25, 1, ';')
[ 16]
      (0, 1, '#')
[ 17]
      (19, 1, '#')
[ 18]
      (30, 2, ';')
[ 19]
      (31, 0, ';')
      (24, 0, ';')
      (25, 0, ';')
      (30, 0, ';')
      (20, 1, 'for')
      (20, 1, 'id')
      (29, 0, ';')
      (26, 0, ';')
      (20, 1, 'if')
      (27, 0, ';')
      (20, 1, 'while')
      (18, 2, '#')
      (34, 0, 'id')
      (20, 1, 'int')
      (32, 0, 'id')
      (35, 0, 'id')
      (33, 0, 'id')
      (20, 1, 'float')
      (23, 0, ';')
      (22, 0, ';')
      (20, 1, '}')
      (20, 1, 'char')
      (20, 1, 'bool')
      (28, 0, ';')
[ 20]
      (21, 1, 'while')
      (21, 1, 'float')
      (21, 1, 'id')
      (21, 1, '}')
      (21, 1, 'char')
      (21, 1, 'for')
      (21, 1, 'if')
      (21, 1, 'bool')
      (21, 1, 'int')
[ 21]
      (13, 0, '-')
      (4, 0, ';')
      (1, 0, '|')
      (16, 0, '%')
      (16, 0, '|')
      (3, 0, '&')
      (13, 0, '<')
      (12, 0, '+')
      (8, 0, '<')
      (2, 0, ';')
      (14, 0, '|')
      (3, 0, ';')
      (5, 0, '|')
      (12, 0, '/')
      (13, 0, '%')
      (10, 0, '+')
      (16, 0, '-')
      (8, 0, '|')
      (2, 0, '&')
      (12, 0, '<')
      (14, 0, '+')
      (15, 0, '|')
      (14, 0, '>')
      (16, 0, '>')
      (10, 0, '&')
      (14, 0, '/')
      (8, 0, '>')
      (5, 0, ';')
      (17, 0, '-')
      (1, 0, '&')
      (17, 0, '>')
      (12, 0, '|')
      (15, 0, '<')
      (11, 0, '&')
      (9, 0, '%')
      (13, 0, ';')
      (7, 0, '&')
      (15, 0, '/')
      (7, 0, '|')
      (6, 0, '>')
      (17, 0, '%')
      (8, 0, ';')
      (14, 0, ';')
      (15, 0, '+')
      (6, 0, '%')
      (11, 0, '-')
      (9, 0, '-')
      (10, 0, '%')
      (10, 0, '|')
      (9, 0, '>')
      (14, 0, '%')
      (17, 0, ';')
      (4, 0, '|')
      (11, 0, '<')
      (7, 0, '<')
      (3, 0, '|')
      (10, 0, '>')
      (13, 0, '/')
      (15, 0, '&')
      (11, 0, '%')
      (13, 0, '>')
      (7, 0, '%')
      (13, 0, '+')
      (10, 0, '-')
      (1, 0, ';')
      (9, 0, '&')
      (6, 0, ';')
      (5, 0, '&')
      (10, 0, '<')
      (8, 0, '&')
      (11, 0, '|')
      (17, 0, '&')
      (16, 0, ';')
      (16, 0, '/')
      (2, 0, '|')
      (15, 0, ';')
      (31, 2, ';')
      (9, 0, ';')
      (12, 0, '>')
      (12, 0, '-')
      (14, 0, '<')
      (15, 0, '*')
      (16, 0, '+')
      (11, 0, ';')
      (17, 0, '+')
      (17, 0, '|')
      (6, 0, '&')
      (14, 0, '-')
      (6, 0, '|')
      (15, 0, '%')
      (4, 0, '%')
      (17, 0, '/')
      (8, 0, '%')
      (16, 0, '&')
      (16, 0, '<')
      (12, 0, '%')
      (17, 0, '*')
      (7, 0, ';')
      (12, 0, '*')
      (17, 0, '<')
      (13, 0, '*')
      (15, 0, '-')
      (6, 0, '<')
      (15, 0, '>')
      (5, 0, '%')
      (12, 0, ';')
      (9, 0, '+')
      (9, 0, '|')
      (14, 0, '&')
      (13, 0, '&')
      (11, 0, '+')
      (16, 0, '*')
      (14, 0, '*')
      (10, 0, ';')
      (4, 0, '&')
      (13, 0, '|')
      (12, 0, '&')
      (9, 0, '<')
      (11, 0, '>')
      (7, 0, '>')
[ 22]
      (13, 0, '-')
      (3, 0, '&')
      (16, 0, '%')
      (16, 0, '|')
      (1, 0, '|')
      (13, 0, '<')
      (12, 0, '+')
      (13, 0, ')')
      (8, 0, '<')
      (14, 0, '|')
      (10, 0, '>')
      (5, 0, '|')
      (12, 0, '/')
      (13, 0, '%')
      (10, 0, '+')
      (16, 0, '-')
      (8, 0, '|')
      (2, 0, '&')
      (12, 0, '<')
      (14, 0, '+')
      (15, 0, '|')
      (14, 0, '>')
      (16, 0, ')')
      (10, 0, '&')
      (14, 0, '/')
      (6, 0, ')')
      (17, 0, '-')
      (1, 0, '&')
      (17, 0, '>')
      (12, 0, '|')
      (15, 0, '<')
      (11, 0, '&')
      (9, 0, '%')
      (7, 0, '&')
      (2, 0, ')')
      (15, 0, '/')
      (7, 0, '|')
      (6, 0, '>')
      (11, 0, ')')
      (17, 0, '%')
      (9, 0, ')')
      (17, 0, '|')
      (15, 0, '+')
      (6, 0, '%')
      (11, 0, '-')
      (9, 0, '-')
      (10, 0, '%')
      (10, 0, '|')
      (9, 0, '>')
      (14, 0, '%')
      (4, 0, '|')
      (11, 0, '<')
      (7, 0, '<')
      (7, 0, ')')
      (3, 0, '|')
      (13, 0, '/')
      (15, 0, '&')
      (11, 0, '%')
      (13, 0, '>')
      (7, 0, '%')
      (13, 0, '+')
      (17, 0, '&')
      (10, 0, '-')
      (8, 0, '>')
      (9, 0, '&')
      (17, 0, '*')
      (5, 0, '&')
      (10, 0, '<')
      (8, 0, '&')
      (11, 0, '|')
      (12, 0, ')')
      (10, 0, ')')
      (17, 0, ')')
      (16, 0, '/')
      (2, 0, '|')
      (16, 0, '>')
      (12, 0, '>')
      (14, 0, ')')
      (12, 0, '-')
      (14, 0, '<')
      (15, 0, '*')
      (16, 0, '+')
      (17, 0, '+')
      (8, 0, ')')
      (6, 0, '&')
      (14, 0, '-')
      (6, 0, '|')
      (15, 0, '%')
      (4, 0, '%')
      (17, 0, '/')
      (8, 0, '%')
      (16, 0, '&')
      (16, 0, '<')
      (12, 0, '%')
      (4, 0, ')')
      (3, 0, ')')
      (12, 0, '*')
      (17, 0, '<')
      (13, 0, '*')
      (15, 0, '-')
      (6, 0, '<')
      (15, 0, '>')
      (5, 0, '%')
      (9, 0, '+')
      (9, 0, '|')
      (14, 0, '&')
      (1, 0, ')')
      (13, 0, '&')
      (15, 0, ')')
      (11, 0, '+')
      (16, 0, '*')
      (14, 0, '*')
      (4, 0, '&')
      (27, 2, ';')
      (13, 0, '|')
      (12, 0, '&')
      (9, 0, '<')
      (11, 0, '>')
      (5, 0, ')')
      (7, 0, '>')
[ 23]
      (27, 0, ';')
      (33, 0, 'id')
      (31, 0, ';')
      (24, 0, ';')
      (22, 0, ';')
      (29, 2, ';')
      (25, 0, ';')
      (29, 0, ';')
      (30, 0, ';')
      (32, 0, 'id')
      (34, 0, 'id')
      (18, 0, ';')
      (19, 0, ';')
      (28, 0, ';')
      (26, 0, ';')
      (23, 0, ';')
      (35, 0, 'id')
[ 24]
      (13, 0, '-')
      (1, 0, '|')
      (16, 0, '%')
      (16, 0, '|')
      (3, 0, '&')
      (13, 0, '<')
      (12, 0, '+')
      (13, 0, ')')
      (8, 0, '<')
      (14, 0, '|')
      (10, 0, '>')
      (5, 0, '|')
      (12, 0, '/')
      (13, 0, '%')
      (10, 0, '+')
      (16, 0, '-')
      (8, 0, '|')
      (2, 0, '&')
      (12, 0, '<')
      (14, 0, '+')
      (15, 0, '|')
      (14, 0, '>')
      (16, 0, ')')
      (10, 0, '&')
      (14, 0, '/')
      (6, 0, ')')
      (17, 0, '-')
      (1, 0, '&')
      (17, 0, '>')
      (12, 0, '|')
      (15, 0, '<')
      (11, 0, '&')
      (9, 0, '%')
      (7, 0, '&')
      (2, 0, ')')
      (15, 0, '/')
      (7, 0, '|')
      (6, 0, '>')
      (11, 0, ')')
      (17, 0, '%')
      (9, 0, ')')
      (17, 0, '|')
      (15, 0, '+')
      (6, 0, '%')
      (11, 0, '-')
      (9, 0, '-')
      (10, 0, '%')
      (10, 0, '|')
      (9, 0, '>')
      (14, 0, '%')
      (4, 0, '|')
      (11, 0, '<')
      (7, 0, '<')
      (7, 0, ')')
      (3, 0, '|')
      (13, 0, '/')
      (15, 0, '&')
      (11, 0, '%')
      (13, 0, '>')
      (7, 0, '%')
      (13, 0, '+')
      (17, 0, '&')
      (10, 0, '-')
      (8, 0, '>')
      (9, 0, '&')
      (17, 0, '*')
      (5, 0, '&')
      (10, 0, '<')
      (8, 0, '&')
      (11, 0, '|')
      (12, 0, ')')
      (10, 0, ')')
      (17, 0, ')')
      (16, 0, '/')
      (2, 0, '|')
      (16, 0, '>')
      (12, 0, '>')
      (14, 0, ')')
      (12, 0, '-')
      (14, 0, '<')
      (15, 0, '*')
      (16, 0, '+')
      (17, 0, '+')
      (8, 0, ')')
      (6, 0, '&')
      (14, 0, '-')
      (6, 0, '|')
      (15, 0, '%')
      (4, 0, '%')
      (17, 0, '/')
      (8, 0, '%')
      (16, 0, '&')
      (16, 0, '<')
      (12, 0, '%')
      (4, 0, ')')
      (3, 0, ')')
      (12, 0, '*')
      (17, 0, '<')
      (13, 0, '*')
      (15, 0, '-')
      (6, 0, '<')
      (15, 0, '>')
      (5, 0, '%')
      (9, 0, '+')
      (9, 0, '|')
      (14, 0, '&')
      (1, 0, ')')
      (13, 0, '&')
      (15, 0, ')')
      (11, 0, '+')
      (16, 0, '*')
      (14, 0, '*')
      (4, 0, '&')
      (13, 0, '|')
      (28, 2, ';')
      (12, 0, '&')
      (9, 0, '<')
      (11, 0, '>')
      (5, 0, ')')
      (7, 0, '>')
[ 25]
      (19, 2, '#')
[ 26]
      (18, 3, '#')
[ 27]
      (20, 2, 'while')
      (20, 2, 'float')
      (20, 2, 'id')
      (20, 2, '}')
      (20, 2, 'char')
      (20, 2, 'for')
      (20, 2, 'if')
      (20, 2, 'bool')
      (20, 2, 'int')
[ 28]
      (21, 2, '}')
      (21, 2, 'float')
      (21, 2, 'char')
      (21, 2, 'for')
      (21, 2, 'id')
      (21, 2, 'bool')
      (21, 2, 'int')
      (21, 2, 'while')
      (21, 2, 'if')
[ 29]
      (10, 1, '>')
      (9, 1, '>')
      (10, 1, '+')
      (8, 1, '%')
      (10, 1, '<')
      (10, 1, ';')
      (8, 1, '|')
      (8, 1, '&')
      (9, 1, '%')
      (9, 1, '|')
      (10, 1, '&')
      (9, 1, '&')
      (10, 1, '%')
      (8, 1, ';')
      (10, 1, '|')
      (8, 1, '<')
      (9, 1, '+')
      (8, 1, '>')
      (9, 1, '-')
      (9, 1, ';')
      (9, 1, '<')
      (10, 1, '-')
[ 30]
      (14, 1, '*')
      (14, 1, '|')
      (14, 1, '-')
      (14, 1, '&')
      (14, 1, ';')
      (14, 1, '%')
      (14, 1, '>')
      (14, 1, '/')
      (14, 1, '+')
      (14, 1, '<')
[ 31]
      (12, 1, '/')
      (12, 1, '<')
      (12, 1, '>')
      (13, 1, '-')
      (11, 1, '>')
      (12, 1, '+')
      (11, 1, '-')
      (13, 1, '<')
      (12, 1, '*')
      (13, 1, '/')
      (11, 1, '<')
      (12, 1, '%')
      (12, 1, ';')
      (11, 1, '+')
      (13, 1, '>')
      (13, 1, '*')
      (11, 1, ';')
      (12, 1, '&')
      (13, 1, '+')
      (12, 1, '|')
      (13, 1, '%')
      (11, 1, '&')
      (13, 1, ';')
      (13, 1, '&')
      (13, 1, '|')
      (11, 1, '%')
      (11, 1, '|')
      (12, 1, '-')
[ 32]
      (17, 1, '*')
      (17, 1, '/')
      (17, 1, '+')
      (17, 1, '>')
      (17, 1, '%')
      (17, 1, '|')
      (17, 1, '&')
      (17, 1, '-')
      (17, 1, ';')
      (17, 1, '<')
[ 33]
      (17, 0, '>')
      (16, 0, '%')
      (16, 0, '|')
      (15, 0, '<')
      (17, 0, '<')
      (15, 1, '|')
      (15, 0, '-')
      (15, 1, '&')
      (15, 0, '>')
      (16, 0, '*')
      (16, 0, '/')
      (15, 0, '/')
      (17, 0, '&')
      (15, 1, '/')
      (15, 1, ';')
      (15, 1, '%')
      (15, 0, ';')
      (17, 0, '%')
      (16, 0, '>')
      (16, 0, '-')
      (15, 1, '+')
      (15, 0, '+')
      (15, 1, '>')
      (16, 0, '<')
      (15, 0, '*')
      (16, 0, '+')
      (15, 0, '|')
      (17, 0, '+')
      (17, 0, '|')
      (15, 1, '<')
      (17, 0, '*')
      (16, 0, ';')
      (17, 0, ';')
      (15, 1, '*')
      (15, 1, '-')
      (17, 0, '/')
      (16, 0, '&')
      (15, 0, '&')
      (17, 0, '-')
      (15, 0, '%')
[ 34]
      (13, 0, '-')
      (3, 0, '&')
      (16, 0, '%')
      (16, 0, '|')
      (17, 0, '-')
      (1, 0, '|')
      (13, 0, '<')
      (12, 0, '+')
      (13, 0, ')')
      (8, 0, '<')
      (14, 0, '|')
      (10, 0, '>')
      (16, 1, '+')
      (5, 0, '|')
      (12, 0, '/')
      (13, 0, '%')
      (16, 1, '&')
      (16, 0, '-')
      (10, 0, '&')
      (16, 1, '|')
      (2, 0, '&')
      (12, 0, '<')
      (14, 0, '+')
      (15, 0, '|')
      (4, 0, '%')
      (14, 0, '>')
      (16, 0, ')')
      (8, 0, '|')
      (14, 0, '/')
      (6, 0, ')')
      (16, 1, '/')
      (1, 0, '&')
      (16, 1, '<')
      (12, 0, '|')
      (15, 0, '<')
      (17, 0, '/')
      (11, 0, '&')
      (9, 0, '%')
      (7, 0, '&')
      (2, 0, ')')
      (15, 0, '/')
      (7, 0, '|')
      (6, 0, '>')
      (11, 0, ')')
      (17, 0, '%')
      (9, 0, ')')
      (17, 0, '|')
      (15, 0, '+')
      (6, 0, '%')
      (11, 0, '-')
      (9, 0, '-')
      (10, 0, '%')
      (10, 0, '|')
      (9, 0, '>')
      (14, 0, '%')
      (4, 0, '|')
      (11, 0, '<')
      (7, 0, '<')
      (7, 0, ')')
      (3, 0, '|')
      (13, 0, '/')
      (15, 0, '&')
      (11, 0, '%')
      (13, 0, '>')
      (7, 0, '%')
      (13, 0, '+')
      (17, 0, '&')
      (10, 0, '-')
      (8, 0, '>')
      (9, 0, '&')
      (17, 0, '*')
      (5, 0, '&')
      (10, 0, '<')
      (8, 0, '&')
      (17, 0, '>')
      (11, 0, '|')
      (12, 0, ')')
      (10, 0, ')')
      (17, 0, ')')
      (16, 0, '/')
      (2, 0, '|')
      (16, 0, '>')
      (12, 0, '>')
      (14, 0, ')')
      (12, 0, '-')
      (14, 0, '<')
      (15, 0, '*')
      (16, 0, '+')
      (17, 0, '+')
      (8, 0, ')')
      (6, 0, '&')
      (14, 0, '-')
      (6, 0, '|')
      (15, 0, '%')
      (10, 0, '+')
      (16, 1, '-')
      (8, 0, '%')
      (16, 0, '&')
      (17, 0, '<')
      (16, 0, '<')
      (12, 0, '%')
      (4, 0, ')')
      (3, 0, ')')
      (12, 0, '*')
      (16, 1, '>')
      (13, 0, '*')
      (15, 0, '-')
      (6, 0, '<')
      (15, 0, '>')
      (5, 0, '%')
      (16, 1, '%')
      (9, 0, '+')
      (9, 0, '|')
      (14, 0, '&')
      (1, 0, ')')
      (13, 0, '&')
      (15, 0, ')')
      (11, 0, '+')
      (16, 0, '*')
      (14, 0, '*')
      (4, 0, '&')
      (13, 0, '|')
      (12, 0, '&')
      (16, 1, '*')
      (9, 0, '<')
      (16, 1, ';')
      (11, 0, '>')
      (5, 0, ')')
      (7, 0, '>')
[ 35]
      (3, 1, '|')
      (4, 1, '|')
      (4, 1, ';')
      (4, 1, '&')
      (4, 1, '%')
      (3, 1, ';')
      (3, 1, '&')
[ 36]
      (2, 1, '&')
      (1, 1, '&')
      (2, 1, '|')
      (1, 1, ';')
      (31, 3, ';')
      (2, 1, ';')
      (1, 1, '|')
[ 37]
      (5, 1, '&')
      (6, 1, ';')
      (6, 1, '>')
      (7, 1, '&')
      (7, 1, '|')
      (5, 1, ';')
      (7, 1, '<')
      (6, 1, '&')
      (6, 1, '<')
      (6, 1, '%')
      (7, 1, '>')
      (7, 1, ';')
      (5, 1, '%')
      (5, 1, '|')
      (7, 1, '%')
      (6, 1, '|')
[ 38]
      (10, 1, '>')
      (9, 1, '>')
      (10, 1, '+')
      (8, 1, '%')
      (10, 1, '<')
      (10, 1, ')')
      (8, 1, '|')
      (8, 1, '&')
      (8, 1, ')')
      (9, 1, '%')
      (9, 1, '|')
      (10, 1, '&')
      (9, 1, '&')
      (10, 1, '%')
      (10, 1, '|')
      (9, 1, ')')
      (8, 1, '<')
      (9, 1, '+')
      (8, 1, '>')
      (9, 1, '-')
      (9, 1, '<')
      (10, 1, '-')
[ 39]
      (14, 1, '*')
      (14, 1, '|')
      (14, 1, '-')
      (14, 1, '&')
      (14, 1, ')')
      (14, 1, '%')
      (14, 1, '>')
      (14, 1, '/')
      (14, 1, '+')
      (14, 1, '<')
[ 40]
      (12, 1, '/')
      (12, 1, '<')
      (12, 1, ')')
      (12, 1, '>')
      (13, 1, '-')
      (11, 1, '>')
      (12, 1, '+')
      (11, 1, '-')
      (13, 1, '<')
      (12, 1, '*')
      (13, 1, '/')
      (11, 1, '<')
      (12, 1, '%')
      (11, 1, '+')
      (13, 1, '>')
      (13, 1, ')')
      (11, 1, ')')
      (13, 1, '*')
      (12, 1, '&')
      (13, 1, '+')
      (12, 1, '|')
      (13, 1, '%')
      (11, 1, '&')
      (13, 1, '&')
      (13, 1, '|')
      (11, 1, '%')
      (11, 1, '|')
      (12, 1, '-')
[ 41]
      (17, 1, '*')
      (17, 1, '/')
      (17, 1, '+')
      (17, 1, '>')
      (17, 1, '%')
      (17, 1, '|')
      (17, 1, '&')
      (17, 1, '-')
      (17, 1, ')')
      (17, 1, '<')
[ 42]
      (17, 0, '>')
      (16, 0, '%')
      (16, 0, '|')
      (15, 0, '<')
      (17, 0, '<')
      (15, 1, '|')
      (15, 0, '-')
      (15, 1, '&')
      (15, 0, '>')
      (16, 0, '*')
      (15, 0, '/')
      (17, 0, '&')
      (15, 1, '/')
      (16, 0, '/')
      (15, 1, '%')
      (17, 0, '%')
      (15, 0, ')')
      (16, 0, '>')
      (16, 0, '-')
      (15, 1, '+')
      (15, 0, '+')
      (15, 1, '>')
      (16, 0, '<')
      (15, 0, '*')
      (16, 0, '+')
      (15, 1, ')')
      (15, 0, '|')
      (17, 0, '+')
      (17, 0, '|')
      (15, 1, '<')
      (17, 0, '*')
      (16, 0, ')')
      (15, 1, '*')
      (17, 0, ')')
      (15, 0, '%')
      (15, 1, '-')
      (17, 0, '/')
      (16, 0, '&')
      (15, 0, '&')
      (17, 0, '-')
[ 43]
      (13, 0, '-')
      (1, 0, '|')
      (16, 0, '%')
      (16, 0, '|')
      (17, 0, '-')
      (3, 0, '&')
      (13, 0, '<')
      (12, 0, '+')
      (13, 0, ')')
      (8, 0, '<')
      (14, 0, '|')
      (10, 0, '>')
      (16, 1, '+')
      (5, 0, '|')
      (12, 0, '/')
      (13, 0, '%')
      (16, 1, '&')
      (16, 0, '-')
      (10, 0, '&')
      (16, 1, '|')
      (2, 0, '&')
      (12, 0, '<')
      (14, 0, '+')
      (15, 0, '|')
      (4, 0, '%')
      (14, 0, '>')
      (16, 0, ')')
      (8, 0, '|')
      (14, 0, '/')
      (6, 0, ')')
      (16, 1, '/')
      (1, 0, '&')
      (16, 1, '<')
      (12, 0, '|')
      (15, 0, '<')
      (17, 0, '/')
      (11, 0, '&')
      (9, 0, '%')
      (7, 0, '&')
      (2, 0, ')')
      (15, 0, '/')
      (7, 0, '|')
      (6, 0, '>')
      (11, 0, ')')
      (17, 0, '%')
      (9, 0, ')')
      (17, 0, '|')
      (15, 0, '+')
      (6, 0, '%')
      (11, 0, '-')
      (9, 0, '-')
      (10, 0, '%')
      (10, 0, '|')
      (9, 0, '>')
      (14, 0, '%')
      (4, 0, '|')
      (11, 0, '<')
      (7, 0, '<')
      (7, 0, ')')
      (3, 0, '|')
      (13, 0, '/')
      (15, 0, '&')
      (11, 0, '%')
      (13, 0, '>')
      (7, 0, '%')
      (13, 0, '+')
      (17, 0, '&')
      (10, 0, '-')
      (8, 0, '>')
      (9, 0, '&')
      (17, 0, '*')
      (5, 0, '&')
      (10, 0, '<')
      (8, 0, '&')
      (17, 0, '>')
      (11, 0, '|')
      (12, 0, ')')
      (10, 0, ')')
      (17, 0, ')')
      (16, 0, '/')
      (2, 0, '|')
      (16, 0, '>')
      (12, 0, '>')
      (14, 0, ')')
      (12, 0, '-')
      (14, 0, '<')
      (15, 0, '*')
      (16, 0, '+')
      (16, 1, ')')
      (8, 0, ')')
      (6, 0, '&')
      (14, 0, '-')
      (6, 0, '|')
      (15, 0, '%')
      (10, 0, '+')
      (16, 1, '-')
      (8, 0, '%')
      (16, 0, '&')
      (17, 0, '<')
      (16, 0, '<')
      (12, 0, '%')
      (4, 0, ')')
      (3, 0, ')')
      (12, 0, '*')
      (16, 1, '>')
      (13, 0, '*')
      (15, 0, '-')
      (6, 0, '<')
      (15, 0, '>')
      (5, 0, '%')
      (16, 1, '%')
      (9, 0, '+')
      (9, 0, '|')
      (14, 0, '&')
      (1, 0, ')')
      (13, 0, '&')
      (15, 0, ')')
      (11, 0, '+')
      (16, 0, '*')
      (14, 0, '*')
      (4, 0, '&')
      (13, 0, '|')
      (12, 0, '&')
      (16, 1, '*')
      (9, 0, '<')
      (17, 0, '+')
      (11, 0, '>')
      (5, 0, ')')
      (7, 0, '>')
[ 44]
      (3, 1, '|')
      (4, 1, '|')
      (4, 1, ')')
      (4, 1, '&')
      (4, 1, '%')
      (3, 1, ')')
      (3, 1, '&')
[ 45]
      (2, 1, '&')
      (1, 1, '&')
      (27, 3, ';')
      (1, 1, ')')
      (2, 1, '|')
      (2, 1, ')')
      (1, 1, '|')
[ 46]
      (6, 1, ')')
      (5, 1, '&')
      (6, 1, '>')
      (7, 1, '&')
      (7, 1, ')')
      (7, 1, '|')
      (7, 1, '<')
      (6, 1, '&')
      (5, 1, ')')
      (6, 1, '<')
      (6, 1, '%')
      (7, 1, '>')
      (5, 1, '%')
      (5, 1, '|')
      (7, 1, '%')
      (6, 1, '|')
[ 47]
      (21, 0, 'bool')
      (21, 0, 'for')
      (31, 0, ';')
      (24, 0, ';')
      (20, 0, 'if')
      (25, 0, ';')
      (20, 0, 'int')
      (21, 0, 'if')
      (33, 0, 'id')
      (20, 0, 'id')
      (26, 0, ';')
      (21, 0, 'id')
      (27, 0, ';')
      (34, 0, 'id')
      (32, 0, 'id')
      (20, 0, '}')
      (21, 0, 'float')
      (18, 1, ';')
      (20, 0, 'bool')
      (21, 0, 'int')
      (20, 0, 'for')
      (20, 0, 'char')
      (21, 0, 'while')
      (20, 0, 'while')
      (30, 0, ';')
      (23, 0, ';')
      (22, 0, ';')
      (29, 0, ';')
      (35, 0, 'id')
      (21, 0, '}')
      (28, 0, ';')
      (20, 0, 'float')
      (21, 0, 'char')
[ 48]
      (29, 3, ';')
[ 49]
      (19, 1, ';')
[ 50]
      (2, 1, '&')
      (1, 1, '&')
      (2, 1, '|')
      (1, 1, ')')
      (2, 1, ')')
      (1, 1, '|')
      (28, 3, ';')
[ 51]
      (20, 3, 'bool')
      (20, 3, 'for')
      (20, 3, 'int')
      (20, 3, 'while')
      (20, 3, 'if')
      (20, 3, '}')
      (20, 3, 'char')
      (20, 3, 'float')
      (20, 3, 'id')
[ 52]
      (13, 0, '-')
      (16, 0, '<')
      (17, 0, '>')
      (9, 2, '-')
      (16, 0, '%')
      (9, 2, ';')
      (13, 0, '>')
      (16, 0, ';')
      (12, 0, '|')
      (13, 0, '+')
      (17, 0, '&')
      (15, 0, '<')
      (12, 0, '*')
      (17, 0, '<')
      (13, 0, '*')
      (13, 0, '<')
      (12, 0, '+')
      (15, 0, '-')
      (9, 2, '<')
      (13, 0, ';')
      (15, 0, '>')
      (14, 0, '%')
      (16, 0, '/')
      (15, 0, '/')
      (12, 0, ';')
      (9, 2, '>')
      (14, 0, '&')
      (16, 0, '&')
      (14, 0, '-')
      (13, 0, '&')
      (15, 0, ';')
      (12, 0, '/')
      (16, 0, '+')
      (13, 0, '%')
      (17, 0, '%')
      (16, 0, '>')
      (12, 0, '>')
      (14, 0, ';')
      (12, 0, '-')
      (15, 0, '+')
      (14, 0, '<')
      (14, 0, '*')
      (16, 0, '-')
      (15, 0, '*')
      (12, 0, '<')
      (15, 0, '%')
      (9, 2, '%')
      (14, 0, '+')
      (15, 0, '|')
      (14, 0, '|')
      (17, 0, '|')
      (14, 0, '>')
      (13, 0, '|')
      (17, 0, '*')
      (9, 2, '|')
      (17, 0, ';')
      (9, 2, '&')
      (12, 0, '&')
      (16, 0, '*')
      (14, 0, '/')
      (17, 0, '+')
      (17, 0, '/')
      (16, 0, '|')
      (13, 0, '/')
      (15, 0, '&')
      (9, 2, '+')
      (12, 0, '%')
      (17, 0, '-')
[ 53]
      (13, 0, '-')
      (10, 2, '<')
      (17, 0, '>')
      (14, 0, '|')
      (16, 0, '%')
      (16, 0, '|')
      (13, 0, '>')
      (12, 0, '|')
      (13, 0, '+')
      (17, 0, '&')
      (15, 0, '<')
      (12, 0, '*')
      (12, 0, '-')
      (13, 0, '*')
      (13, 0, '<')
      (12, 0, '+')
      (15, 0, '-')
      (13, 0, ';')
      (15, 0, '>')
      (15, 0, '+')
      (14, 0, '%')
      (16, 0, '/')
      (15, 0, '/')
      (12, 0, ';')
      (14, 0, '&')
      (16, 0, '&')
      (10, 2, '&')
      (16, 0, ';')
      (13, 0, '&')
      (15, 0, ';')
      (12, 0, '/')
      (16, 0, '+')
      (13, 0, '%')
      (17, 0, '%')
      (16, 0, '>')
      (12, 0, '>')
      (14, 0, ';')
      (10, 2, '%')
      (10, 2, '|')
      (14, 0, '<')
      (14, 0, '*')
      (16, 0, '-')
      (15, 0, '*')
      (12, 0, '<')
      (15, 0, '%')
      (14, 0, '+')
      (10, 2, '+')
      (17, 0, '+')
      (17, 0, '|')
      (14, 0, '>')
      (13, 0, '|')
      (17, 0, '*')
      (14, 0, '-')
      (10, 2, ';')
      (17, 0, ';')
      (10, 2, '-')
      (12, 0, '&')
      (15, 0, '|')
      (16, 0, '*')
      (14, 0, '/')
      (17, 0, '/')
      (13, 0, '/')
      (17, 0, '<')
      (10, 2, '>')
      (15, 0, '&')
      (16, 0, '<')
      (12, 0, '%')
      (17, 0, '-')
[ 54]
      (12, 2, '+')
      (17, 0, '>')
      (16, 0, '%')
      (16, 0, '|')
      (15, 0, '<')
      (17, 0, '<')
      (17, 0, '*')
      (12, 2, '&')
      (15, 0, '-')
      (15, 0, '>')
      (12, 2, '|')
      (15, 0, '/')
      (17, 0, '&')
      (16, 0, '/')
      (17, 0, '%')
      (12, 2, '%')
      (15, 0, ';')
      (16, 0, '>')
      (16, 0, '-')
      (15, 0, '+')
      (16, 0, '*')
      (16, 0, '<')
      (17, 0, ';')
      (15, 0, '*')
      (16, 0, '+')
      (15, 0, '|')
      (17, 0, '+')
      (17, 0, '|')
      (12, 2, '-')
      (16, 0, ';')
      (12, 2, '<')
      (12, 2, '/')
      (17, 0, '-')
      (17, 0, '/')
      (12, 2, '>')
      (16, 0, '&')
      (12, 2, ';')
      (15, 0, '&')
      (12, 2, '*')
      (15, 0, '%')
[ 55]
      (17, 0, '>')
      (16, 0, '%')
      (16, 0, '|')
      (13, 2, '|')
      (15, 0, '<')
      (17, 0, '<')
      (15, 0, '-')
      (15, 0, '>')
      (15, 0, '/')
      (17, 0, '&')
      (16, 0, '/')
      (13, 2, '-')
      (17, 0, '%')
      (15, 0, ';')
      (16, 0, '>')
      (16, 0, '-')
      (13, 2, '/')
      (15, 0, '+')
      (16, 0, '*')
      (16, 0, '<')
      (13, 2, '<')
      (15, 0, '*')
      (17, 0, ';')
      (16, 0, '+')
      (15, 0, '|')
      (17, 0, '+')
      (17, 0, '|')
      (13, 2, '>')
      (17, 0, '*')
      (13, 2, '+')
      (16, 0, ';')
      (15, 0, '%')
      (13, 2, '*')
      (13, 2, '%')
      (13, 2, ';')
      (17, 0, '/')
      (16, 0, '&')
      (15, 0, '&')
      (17, 0, '-')
      (13, 2, '&')
[ 56]
      (15, 2, ';')
      (15, 2, '-')
      (15, 2, '&')
      (15, 2, '%')
      (15, 2, '>')
      (15, 2, '+')
      (15, 2, '/')
      (15, 2, '|')
      (15, 2, '*')
      (15, 2, '<')
[ 57]
      (16, 2, '*')
      (2, 1, '&')
      (16, 2, '/')
      (1, 1, '&')
      (16, 2, '+')
      (2, 1, ')')
      (2, 1, '|')
      (16, 2, '>')
      (16, 2, '%')
      (1, 1, '|')
      (16, 2, '&')
      (16, 2, '|')
      (1, 1, ')')
      (16, 2, ';')
      (16, 2, '<')
      (16, 2, '-')
[ 58]
      (13, 0, '-')
      (16, 0, '%')
      (16, 0, '|')
      (13, 0, '<')
      (12, 0, '+')
      (8, 0, '<')
      (14, 0, '|')
      (10, 0, '>')
      (12, 0, '/')
      (13, 0, '%')
      (10, 0, '+')
      (16, 0, '-')
      (8, 0, '|')
      (16, 0, '<')
      (12, 0, '<')
      (14, 0, '+')
      (15, 0, '|')
      (14, 0, '>')
      (16, 0, '>')
      (10, 0, '&')
      (14, 0, '/')
      (4, 2, '%')
      (17, 0, '-')
      (17, 0, '>')
      (12, 0, '|')
      (15, 0, '<')
      (11, 0, '&')
      (9, 0, '%')
      (13, 0, ';')
      (7, 0, '&')
      (15, 0, '/')
      (7, 0, '|')
      (6, 0, '>')
      (17, 0, '%')
      (8, 0, ';')
      (14, 0, ';')
      (15, 0, '+')
      (6, 0, '%')
      (11, 0, '-')
      (9, 0, '-')
      (10, 0, '%')
      (10, 0, '|')
      (9, 0, '>')
      (14, 0, '%')
      (17, 0, ';')
      (11, 0, '<')
      (7, 0, '<')
      (13, 0, '/')
      (15, 0, '&')
      (4, 2, '&')
      (11, 0, '%')
      (13, 0, '>')
      (7, 0, '%')
      (13, 0, '+')
      (10, 0, '-')
      (8, 0, '>')
      (9, 0, '&')
      (6, 0, ';')
      (10, 0, '<')
      (8, 0, '&')
      (11, 0, '|')
      (17, 0, '&')
      (16, 0, ';')
      (16, 0, '/')
      (15, 0, ';')
      (9, 0, ';')
      (12, 0, '>')
      (12, 0, '-')
      (14, 0, '<')
      (15, 0, '*')
      (16, 0, '+')
      (11, 0, ';')
      (17, 0, '+')
      (17, 0, '|')
      (6, 0, '&')
      (14, 0, '-')
      (6, 0, '|')
      (15, 0, '%')
      (4, 2, ';')
      (17, 0, '/')
      (8, 0, '%')
      (16, 0, '&')
      (4, 2, '|')
      (12, 0, '%')
      (17, 0, '*')
      (7, 0, ';')
      (12, 0, '*')
      (17, 0, '<')
      (13, 0, '*')
      (15, 0, '-')
      (6, 0, '<')
      (15, 0, '>')
      (12, 0, ';')
      (9, 0, '+')
      (9, 0, '|')
      (14, 0, '&')
      (13, 0, '&')
      (11, 0, '+')
      (16, 0, '*')
      (14, 0, '*')
      (10, 0, ';')
      (13, 0, '|')
      (12, 0, '&')
      (9, 0, '<')
      (11, 0, '>')
      (7, 0, '>')
[ 59]
      (13, 0, '-')
      (4, 0, ';')
      (16, 0, '%')
      (16, 0, '|')
      (13, 0, '<')
      (12, 0, '+')
      (8, 0, '<')
      (14, 0, '|')
      (10, 0, '>')
      (5, 0, '|')
      (12, 0, '/')
      (13, 0, '%')
      (10, 0, '+')
      (16, 0, '-')
      (10, 0, '&')
      (16, 0, '<')
      (12, 0, '<')
      (14, 0, '+')
      (15, 0, '|')
      (14, 0, '>')
      (16, 0, '>')
      (8, 0, '|')
      (14, 0, '/')
      (5, 0, ';')
      (17, 0, '-')
      (17, 0, '>')
      (12, 0, '|')
      (15, 0, '<')
      (11, 0, '&')
      (9, 0, '%')
      (13, 0, ';')
      (7, 0, '&')
      (15, 0, '/')
      (7, 0, '|')
      (6, 0, '>')
      (17, 0, '%')
      (8, 0, ';')
      (14, 0, ';')
      (15, 0, '+')
      (6, 0, '%')
      (11, 0, '-')
      (9, 0, '-')
      (10, 0, '%')
      (10, 0, '|')
      (16, 0, ';')
      (14, 0, '%')
      (1, 2, ';')
      (17, 0, ';')
      (4, 0, '|')
      (11, 0, '<')
      (7, 0, '<')
      (13, 0, '/')
      (15, 0, '&')
      (11, 0, '%')
      (13, 0, '>')
      (7, 0, '%')
      (13, 0, '+')
      (10, 0, '-')
      (8, 0, '>')
      (9, 0, '&')
      (6, 0, ';')
      (5, 0, '&')
      (10, 0, '<')
      (8, 0, '&')
      (11, 0, '|')
      (17, 0, '&')
      (9, 0, '>')
      (16, 0, '/')
      (15, 0, ';')
      (9, 0, ';')
      (12, 0, '>')
      (1, 2, '|')
      (12, 0, '-')
      (14, 0, '<')
      (1, 2, '&')
      (16, 0, '+')
      (11, 0, ';')
      (17, 0, '+')
      (17, 0, '|')
      (6, 0, '&')
      (14, 0, '-')
      (6, 0, '|')
      (15, 0, '%')
      (4, 0, '%')
      (17, 0, '/')
      (8, 0, '%')
      (16, 0, '&')
      (12, 0, '%')
      (17, 0, '*')
      (7, 0, ';')
      (12, 0, '*')
      (17, 0, '<')
      (13, 0, '*')
      (15, 0, '-')
      (6, 0, '<')
      (15, 0, '>')
      (5, 0, '%')
      (12, 0, ';')
      (9, 0, '+')
      (9, 0, '|')
      (14, 0, '&')
      (13, 0, '&')
      (11, 0, '+')
      (15, 0, '*')
      (16, 0, '*')
      (14, 0, '*')
      (10, 0, ';')
      (4, 0, '&')
      (13, 0, '|')
      (12, 0, '&')
      (9, 0, '<')
      (11, 0, '>')
      (7, 0, '>')
[ 60]
      (13, 0, '-')
      (4, 0, ';')
      (16, 0, '%')
      (16, 0, '|')
      (13, 0, '<')
      (12, 0, '+')
      (8, 0, '<')
      (14, 0, '|')
      (10, 0, '>')
      (5, 0, '|')
      (12, 0, '/')
      (13, 0, '%')
      (10, 0, '+')
      (16, 0, '-')
      (8, 0, '|')
      (16, 0, '<')
      (12, 0, '<')
      (14, 0, '+')
      (15, 0, '|')
      (14, 0, '>')
      (16, 0, '>')
      (10, 0, '&')
      (14, 0, '/')
      (5, 0, ';')
      (17, 0, '-')
      (17, 0, '>')
      (12, 0, '|')
      (15, 0, '<')
      (11, 0, '&')
      (2, 2, '|')
      (13, 0, ';')
      (7, 0, '&')
      (15, 0, '/')
      (7, 0, '|')
      (6, 0, '>')
      (17, 0, '%')
      (8, 0, ';')
      (2, 2, ';')
      (14, 0, ';')
      (15, 0, '+')
      (6, 0, '%')
      (11, 0, '-')
      (9, 0, '-')
      (10, 0, '%')
      (10, 0, '|')
      (16, 0, ';')
      (14, 0, '%')
      (17, 0, ';')
      (4, 0, '|')
      (11, 0, '<')
      (7, 0, '<')
      (13, 0, '/')
      (15, 0, '&')
      (11, 0, '%')
      (13, 0, '>')
      (7, 0, '%')
      (13, 0, '+')
      (10, 0, '-')
      (8, 0, '>')
      (9, 0, '&')
      (2, 2, '&')
      (6, 0, ';')
      (5, 0, '&')
      (10, 0, '<')
      (8, 0, '&')
      (11, 0, '|')
      (17, 0, '&')
      (9, 0, '>')
      (16, 0, '/')
      (15, 0, ';')
      (9, 0, ';')
      (12, 0, '>')
      (9, 0, '%')
      (12, 0, '-')
      (14, 0, '<')
      (15, 0, '*')
      (16, 0, '+')
      (11, 0, ';')
      (17, 0, '+')
      (17, 0, '|')
      (6, 0, '&')
      (14, 0, '-')
      (6, 0, '|')
      (15, 0, '%')
      (4, 0, '%')
      (17, 0, '/')
      (8, 0, '%')
      (16, 0, '&')
      (12, 0, '%')
      (17, 0, '*')
      (7, 0, ';')
      (12, 0, '*')
      (17, 0, '<')
      (13, 0, '*')
      (15, 0, '-')
      (6, 0, '<')
      (15, 0, '>')
      (5, 0, '%')
      (12, 0, ';')
      (9, 0, '+')
      (9, 0, '|')
      (14, 0, '&')
      (13, 0, '&')
      (11, 0, '+')
      (16, 0, '*')
      (14, 0, '*')
      (10, 0, ';')
      (4, 0, '&')
      (13, 0, '|')
      (12, 0, '&')
      (9, 0, '<')
      (11, 0, '>')
      (7, 0, '>')
[ 61]
      (13, 0, '-')
      (16, 0, '%')
      (16, 0, '|')
      (13, 0, '<')
      (12, 0, '+')
      (14, 0, '|')
      (10, 0, '>')
      (12, 0, '/')
      (7, 2, '<')
      (13, 0, '%')
      (10, 0, '+')
      (16, 0, '-')
      (16, 0, '<')
      (12, 0, '<')
      (14, 0, '+')
      (15, 0, '|')
      (14, 0, '>')
      (10, 0, '&')
      (14, 0, '/')
      (7, 2, '|')
      (17, 0, '-')
      (17, 0, '>')
      (12, 0, '|')
      (15, 0, '<')
      (11, 0, '&')
      (9, 0, '%')
      (13, 0, ';')
      (15, 0, '/')
      (17, 0, '%')
      (14, 0, ';')
      (10, 0, ';')
      (15, 0, '+')
      (11, 0, '-')
      (9, 0, '-')
      (10, 0, '%')
      (10, 0, '|')
      (16, 0, ';')
      (14, 0, '%')
      (17, 0, ';')
      (11, 0, '<')
      (13, 0, '/')
      (15, 0, '&')
      (11, 0, '%')
      (13, 0, '>')
      (13, 0, '+')
      (10, 0, '-')
      (9, 0, '&')
      (17, 0, '*')
      (10, 0, '<')
      (11, 0, '|')
      (7, 2, '>')
      (17, 0, '&')
      (9, 0, '>')
      (16, 0, '/')
      (15, 0, ';')
      (9, 0, ';')
      (12, 0, '>')
      (12, 0, '-')
      (14, 0, '<')
      (15, 0, '*')
      (16, 0, '+')
      (11, 0, ';')
      (17, 0, '+')
      (17, 0, '|')
      (7, 2, '%')
      (14, 0, '-')
      (15, 0, '%')
      (17, 0, '/')
      (16, 0, '&')
      (12, 0, '%')
      (12, 0, '*')
      (17, 0, '<')
      (13, 0, '*')
      (15, 0, '-')
      (15, 0, '>')
      (12, 0, ';')
      (9, 0, '+')
      (9, 0, '|')
      (14, 0, '&')
      (13, 0, '&')
      (7, 2, ';')
      (11, 0, '+')
      (16, 0, '*')
      (14, 0, '*')
      (16, 0, '>')
      (7, 2, '&')
      (13, 0, '|')
      (12, 0, '&')
      (9, 0, '<')
      (11, 0, '>')
[ 62]
      (13, 0, '-')
      (16, 0, '%')
      (16, 0, '|')
      (13, 0, '<')
      (12, 0, '+')
      (6, 2, ';')
      (14, 0, '|')
      (10, 0, '>')
      (12, 0, '/')
      (13, 0, '%')
      (10, 0, '+')
      (16, 0, '-')
      (16, 0, '<')
      (12, 0, '<')
      (14, 0, '+')
      (15, 0, '|')
      (14, 0, '>')
      (16, 0, '>')
      (10, 0, '&')
      (14, 0, '/')
      (17, 0, '-')
      (17, 0, '>')
      (6, 2, '<')
      (12, 0, '|')
      (15, 0, '<')
      (11, 0, '&')
      (9, 0, '%')
      (13, 0, ';')
      (15, 0, '/')
      (17, 0, '%')
      (14, 0, ';')
      (15, 0, '+')
      (6, 2, '|')
      (11, 0, '-')
      (9, 0, '-')
      (10, 0, '%')
      (10, 0, '|')
      (16, 0, ';')
      (14, 0, '%')
      (17, 0, ';')
      (11, 0, '<')
      (13, 0, '/')
      (15, 0, '&')
      (11, 0, '%')
      (13, 0, '>')
      (13, 0, '+')
      (10, 0, '-')
      (9, 0, '&')
      (17, 0, '*')
      (10, 0, '<')
      (11, 0, '|')
      (17, 0, '&')
      (9, 0, '>')
      (16, 0, '/')
      (15, 0, ';')
      (9, 0, ';')
      (12, 0, '>')
      (12, 0, '-')
      (14, 0, '<')
      (6, 2, '%')
      (15, 0, '*')
      (16, 0, '+')
      (11, 0, ';')
      (17, 0, '+')
      (17, 0, '|')
      (14, 0, '-')
      (15, 0, '%')
      (17, 0, '/')
      (16, 0, '&')
      (6, 2, '>')
      (12, 0, '%')
      (12, 0, '*')
      (17, 0, '<')
      (13, 0, '*')
      (15, 0, '-')
      (15, 0, '>')
      (12, 0, ';')
      (9, 0, '+')
      (9, 0, '|')
      (14, 0, '&')
      (13, 0, '&')
      (6, 2, '&')
      (11, 0, '+')
      (16, 0, '*')
      (14, 0, '*')
      (10, 0, ';')
      (13, 0, '|')
      (12, 0, '&')
      (9, 0, '<')
      (11, 0, '>')
[ 63]
      (13, 0, '-')
      (16, 0, '<')
      (17, 0, '>')
      (9, 2, '-')
      (16, 0, '%')
      (16, 0, '|')
      (13, 0, '>')
      (12, 0, '|')
      (13, 0, '+')
      (17, 0, '&')
      (15, 0, '<')
      (12, 0, '*')
      (17, 0, '<')
      (13, 0, '*')
      (13, 0, '<')
      (12, 0, '+')
      (15, 0, '-')
      (13, 0, ')')
      (9, 2, '<')
      (15, 0, '>')
      (14, 0, '%')
      (12, 0, ')')
      (15, 0, '/')
      (9, 2, '>')
      (14, 0, '&')
      (16, 0, '&')
      (9, 2, '|')
      (13, 0, '&')
      (17, 0, '%')
      (12, 0, '/')
      (15, 0, ')')
      (13, 0, '%')
      (16, 0, '>')
      (16, 0, '/')
      (12, 0, '>')
      (16, 0, '-')
      (14, 0, ')')
      (12, 0, '-')
      (15, 0, '+')
      (14, 0, '<')
      (14, 0, '*')
      (15, 0, '*')
      (12, 0, '<')
      (16, 0, '+')
      (9, 2, '%')
      (14, 0, '+')
      (15, 0, '|')
      (14, 0, '|')
      (17, 0, '|')
      (14, 0, '>')
      (13, 0, '|')
      (17, 0, '*')
      (16, 0, ')')
      (14, 0, '-')
      (17, 0, ')')
      (15, 0, '%')
      (9, 2, '&')
      (12, 0, '&')
      (16, 0, '*')
      (9, 2, ')')
      (14, 0, '/')
      (17, 0, '+')
      (17, 0, '/')
      (13, 0, '/')
      (15, 0, '&')
      (9, 2, '+')
      (12, 0, '%')
      (17, 0, '-')
[ 64]
      (13, 0, '-')
      (10, 2, '<')
      (17, 0, '>')
      (14, 0, '|')
      (16, 0, '%')
      (16, 0, '|')
      (13, 0, '>')
      (12, 0, '|')
      (13, 0, '+')
      (17, 0, '&')
      (15, 0, '<')
      (12, 0, '*')
      (12, 0, '-')
      (13, 0, '*')
      (13, 0, '<')
      (12, 0, '+')
      (15, 0, '-')
      (13, 0, ')')
      (15, 0, '>')
      (15, 0, '+')
      (14, 0, '%')
      (12, 0, ')')
      (15, 0, '/')
      (14, 0, '&')
      (16, 0, '&')
      (10, 2, '&')
      (13, 0, '&')
      (17, 0, '%')
      (12, 0, '/')
      (15, 0, ')')
      (13, 0, '%')
      (16, 0, '>')
      (16, 0, '/')
      (12, 0, '>')
      (16, 0, '-')
      (14, 0, ')')
      (10, 2, '%')
      (10, 2, '|')
      (14, 0, '<')
      (14, 0, '*')
      (15, 0, '*')
      (12, 0, '<')
      (16, 0, '+')
      (14, 0, '+')
      (10, 2, '+')
      (17, 0, '+')
      (17, 0, '|')
      (14, 0, '>')
      (13, 0, '|')
      (17, 0, '*')
      (16, 0, ')')
      (14, 0, '-')
      (10, 2, ')')
      (17, 0, ')')
      (15, 0, '%')
      (10, 2, '-')
      (12, 0, '&')
      (15, 0, '|')
      (16, 0, '*')
      (14, 0, '/')
      (17, 0, '/')
      (13, 0, '/')
      (17, 0, '<')
      (10, 2, '>')
      (15, 0, '&')
      (16, 0, '<')
      (12, 0, '%')
      (17, 0, '-')
[ 65]
      (12, 2, '+')
      (17, 0, '>')
      (16, 0, '%')
      (16, 0, '|')
      (15, 0, '<')
      (17, 0, '<')
      (17, 0, '*')
      (12, 2, '&')
      (15, 0, '-')
      (15, 0, '>')
      (12, 2, '|')
      (15, 0, '/')
      (17, 0, '&')
      (16, 0, '/')
      (17, 0, '%')
      (15, 0, ')')
      (12, 2, '%')
      (16, 0, '>')
      (16, 0, '-')
      (15, 0, '+')
      (16, 0, '*')
      (16, 0, '<')
      (15, 0, '*')
      (16, 0, '+')
      (15, 0, '|')
      (17, 0, '+')
      (17, 0, '|')
      (12, 2, '-')
      (16, 0, ')')
      (17, 0, ')')
      (12, 2, '<')
      (12, 2, '/')
      (17, 0, '-')
      (17, 0, '/')
      (12, 2, '>')
      (16, 0, '&')
      (12, 2, ')')
      (15, 0, '&')
      (12, 2, '*')
      (15, 0, '%')
[ 66]
      (17, 0, '>')
      (16, 0, '%')
      (16, 0, '|')
      (13, 2, '|')
      (15, 0, '<')
      (17, 0, '<')
      (15, 0, '-')
      (15, 0, '>')
      (15, 0, '/')
      (17, 0, '&')
      (16, 0, '/')
      (13, 2, '-')
      (17, 0, '%')
      (15, 0, ')')
      (16, 0, '>')
      (16, 0, '-')
      (13, 2, '/')
      (15, 0, '+')
      (16, 0, '*')
      (16, 0, '<')
      (13, 2, '<')
      (15, 0, '*')
      (16, 0, '+')
      (13, 2, ')')
      (15, 0, '|')
      (17, 0, '+')
      (17, 0, '|')
      (13, 2, '>')
      (17, 0, '*')
      (16, 0, ')')
      (13, 2, '+')
      (17, 0, ')')
      (15, 0, '%')
      (13, 2, '*')
      (13, 2, '%')
      (17, 0, '/')
      (16, 0, '&')
      (15, 0, '&')
      (17, 0, '-')
      (13, 2, '&')
[ 67]
      (15, 2, ')')
      (15, 2, '-')
      (15, 2, '&')
      (15, 2, '%')
      (15, 2, '>')
      (15, 2, '+')
      (15, 2, '/')
      (15, 2, '|')
      (15, 2, '*')
      (15, 2, '<')
[ 68]
      (16, 2, '*')
      (2, 1, '&')
      (16, 2, '/')
      (1, 1, '&')
      (16, 2, '+')
      (2, 1, ')')
      (2, 1, '|')
      (16, 2, '>')
      (16, 2, '%')
      (1, 1, '|')
      (16, 2, '&')
      (16, 2, '|')
      (1, 1, ')')
      (16, 2, ')')
      (16, 2, '<')
      (16, 2, '-')
[ 69]
      (13, 0, '-')
      (16, 0, '%')
      (16, 0, '|')
      (13, 0, '<')
      (12, 0, '+')
      (13, 0, ')')
      (8, 0, '<')
      (14, 0, '|')
      (10, 0, '>')
      (12, 0, '/')
      (13, 0, '%')
      (10, 0, '+')
      (16, 0, '-')
      (8, 0, '|')
      (16, 0, '<')
      (12, 0, '<')
      (14, 0, '+')
      (15, 0, '|')
      (14, 0, '>')
      (16, 0, ')')
      (10, 0, '&')
      (14, 0, '/')
      (4, 2, '%')
      (17, 0, '-')
      (17, 0, '>')
      (12, 0, '|')
      (15, 0, '<')
      (11, 0, '&')
      (9, 0, '%')
      (7, 0, '&')
      (15, 0, '/')
      (7, 0, '|')
      (6, 0, '>')
      (11, 0, ')')
      (17, 0, '%')
      (9, 0, ')')
      (15, 0, '+')
      (4, 2, ')')
      (11, 0, '-')
      (6, 0, '%')
      (9, 0, '-')
      (6, 0, ')')
      (10, 0, '%')
      (10, 0, '|')
      (9, 0, '>')
      (14, 0, '%')
      (11, 0, '<')
      (7, 0, '<')
      (7, 0, ')')
      (13, 0, '/')
      (15, 0, '&')
      (4, 2, '&')
      (11, 0, '%')
      (13, 0, '>')
      (7, 0, '%')
      (13, 0, '+')
      (10, 0, ')')
      (10, 0, '-')
      (8, 0, '>')
      (9, 0, '&')
      (17, 0, '*')
      (10, 0, '<')
      (8, 0, '&')
      (11, 0, '|')
      (12, 0, ')')
      (17, 0, '&')
      (17, 0, ')')
      (16, 0, '/')
      (16, 0, '>')
      (12, 0, '>')
      (14, 0, ')')
      (12, 0, '-')
      (14, 0, '<')
      (15, 0, '*')
      (16, 0, '+')
      (17, 0, '+')
      (17, 0, '|')
      (6, 0, '&')
      (14, 0, '-')
      (6, 0, '|')
      (15, 0, '%')
      (17, 0, '/')
      (8, 0, '%')
      (16, 0, '&')
      (4, 2, '|')
      (12, 0, '%')
      (12, 0, '*')
      (17, 0, '<')
      (13, 0, '*')
      (15, 0, '-')
      (6, 0, '<')
      (15, 0, '>')
      (9, 0, '+')
      (9, 0, '|')
      (14, 0, '&')
      (13, 0, '&')
      (11, 0, '>')
      (15, 0, ')')
      (11, 0, '+')
      (16, 0, '*')
      (14, 0, '*')
      (13, 0, '|')
      (12, 0, '&')
      (9, 0, '<')
      (8, 0, ')')
      (7, 0, '>')
[ 70]
      (13, 0, '-')
      (16, 0, '%')
      (16, 0, '|')
      (13, 0, '<')
      (12, 0, '+')
      (13, 0, ')')
      (8, 0, '<')
      (14, 0, '|')
      (10, 0, '>')
      (5, 0, '|')
      (1, 2, '|')
      (13, 0, '%')
      (10, 0, '+')
      (16, 0, '-')
      (10, 0, '&')
      (16, 0, '<')
      (12, 0, '<')
      (15, 0, '%')
      (14, 0, '+')
      (15, 0, '|')
      (14, 0, '>')
      (16, 0, ')')
      (17, 0, ')')
      (14, 0, '/')
      (6, 0, ')')
      (17, 0, '-')
      (17, 0, '>')
      (12, 0, '|')
      (15, 0, '<')
      (11, 0, '&')
      (9, 0, '%')
      (7, 0, '&')
      (15, 0, '/')
      (7, 0, '|')
      (6, 0, '>')
      (11, 0, ')')
      (17, 0, '%')
      (9, 0, ')')
      (17, 0, '|')
      (15, 0, '+')
      (6, 0, '%')
      (11, 0, '-')
      (9, 0, '-')
      (10, 0, '%')
      (10, 0, '|')
      (9, 0, '>')
      (14, 0, '%')
      (4, 0, '|')
      (11, 0, '<')
      (7, 0, '<')
      (7, 0, ')')
      (13, 0, '/')
      (15, 0, '&')
      (11, 0, '%')
      (13, 0, '>')
      (7, 0, '%')
      (13, 0, '+')
      (17, 0, '&')
      (10, 0, '-')
      (8, 0, '>')
      (9, 0, '&')
      (17, 0, '*')
      (5, 0, '&')
      (10, 0, '<')
      (8, 0, '&')
      (11, 0, '|')
      (12, 0, ')')
      (10, 0, ')')
      (16, 0, '/')
      (16, 0, '>')
      (12, 0, '>')
      (12, 0, '/')
      (14, 0, ')')
      (12, 0, '-')
      (14, 0, '<')
      (1, 2, '&')
      (16, 0, '+')
      (17, 0, '+')
      (8, 0, ')')
      (6, 0, '&')
      (14, 0, '-')
      (6, 0, '|')
      (1, 2, ')')
      (4, 0, '%')
      (17, 0, '/')
      (8, 0, '%')
      (16, 0, '&')
      (12, 0, '%')
      (8, 0, '|')
      (4, 0, ')')
      (12, 0, '*')
      (17, 0, '<')
      (13, 0, '*')
      (15, 0, '-')
      (6, 0, '<')
      (15, 0, '>')
      (5, 0, '%')
      (9, 0, '+')
      (9, 0, '|')
      (14, 0, '&')
      (13, 0, '&')
      (15, 0, ')')
      (11, 0, '+')
      (15, 0, '*')
      (16, 0, '*')
      (14, 0, '*')
      (4, 0, '&')
      (13, 0, '|')
      (12, 0, '&')
      (9, 0, '<')
      (11, 0, '>')
      (5, 0, ')')
      (7, 0, '>')
[ 71]
      (27, 0, ';')
      (33, 0, 'id')
      (31, 0, ';')
      (24, 0, ';')
      (22, 0, ';')
      (27, 4, ';')
      (25, 0, ';')
      (29, 0, ';')
      (30, 0, ';')
      (32, 0, 'id')
      (34, 0, 'id')
      (18, 0, ';')
      (19, 0, ';')
      (28, 0, ';')
      (26, 0, ';')
      (23, 0, ';')
      (35, 0, 'id')
[ 72]
      (13, 0, '-')
      (16, 0, '%')
      (16, 0, '|')
      (13, 0, '<')
      (12, 0, '+')
      (13, 0, ')')
      (8, 0, '<')
      (14, 0, '|')
      (10, 0, '>')
      (5, 0, '|')
      (12, 0, '/')
      (13, 0, '%')
      (10, 0, '+')
      (16, 0, '-')
      (8, 0, '|')
      (16, 0, '<')
      (12, 0, '<')
      (14, 0, '+')
      (15, 0, '|')
      (14, 0, '>')
      (16, 0, ')')
      (10, 0, '&')
      (14, 0, '/')
      (6, 0, ')')
      (17, 0, '-')
      (17, 0, '>')
      (12, 0, '|')
      (15, 0, '<')
      (11, 0, '&')
      (2, 2, '|')
      (7, 0, '&')
      (15, 0, '/')
      (7, 0, '|')
      (6, 0, '>')
      (11, 0, ')')
      (17, 0, '%')
      (9, 0, ')')
      (15, 0, '+')
      (6, 0, '%')
      (11, 0, '-')
      (9, 0, '-')
      (10, 0, '%')
      (10, 0, '|')
      (9, 0, '>')
      (14, 0, '%')
      (4, 0, '|')
      (11, 0, '<')
      (7, 0, '<')
      (7, 0, ')')
      (13, 0, '/')
      (15, 0, '&')
      (11, 0, '%')
      (13, 0, '>')
      (7, 0, '%')
      (13, 0, '+')
      (17, 0, '&')
      (10, 0, '-')
      (8, 0, '>')
      (9, 0, '&')
      (2, 2, '&')
      (17, 0, '*')
      (5, 0, '&')
      (10, 0, '<')
      (8, 0, '&')
      (11, 0, '|')
      (12, 0, ')')
      (10, 0, ')')
      (17, 0, ')')
      (16, 0, '/')
      (16, 0, '>')
      (12, 0, '>')
      (14, 0, ')')
      (12, 0, '-')
      (14, 0, '<')
      (15, 0, '*')
      (16, 0, '+')
      (17, 0, '+')
      (17, 0, '|')
      (6, 0, '&')
      (2, 2, ')')
      (14, 0, '-')
      (6, 0, '|')
      (15, 0, '%')
      (4, 0, '%')
      (17, 0, '/')
      (8, 0, '%')
      (16, 0, '&')
      (12, 0, '%')
      (4, 0, ')')
      (12, 0, '*')
      (17, 0, '<')
      (13, 0, '*')
      (15, 0, '-')
      (6, 0, '<')
      (15, 0, '>')
      (5, 0, '%')
      (9, 0, '%')
      (9, 0, '+')
      (9, 0, '|')
      (14, 0, '&')
      (13, 0, '&')
      (11, 0, '>')
      (15, 0, ')')
      (11, 0, '+')
      (16, 0, '*')
      (14, 0, '*')
      (4, 0, '&')
      (13, 0, '|')
      (12, 0, '&')
      (9, 0, '<')
      (8, 0, ')')
      (5, 0, ')')
      (7, 0, '>')
[ 73]
      (13, 0, '-')
      (16, 0, '%')
      (16, 0, '|')
      (13, 0, '<')
      (12, 0, '+')
      (13, 0, ')')
      (14, 0, '|')
      (10, 0, '>')
      (12, 0, '/')
      (7, 2, '<')
      (13, 0, '%')
      (10, 0, '+')
      (16, 0, '-')
      (10, 0, '&')
      (16, 0, '<')
      (12, 0, '<')
      (14, 0, '+')
      (15, 0, '|')
      (14, 0, '>')
      (16, 0, ')')
      (17, 0, ')')
      (14, 0, '/')
      (7, 2, '|')
      (17, 0, '-')
      (17, 0, '>')
      (12, 0, '|')
      (15, 0, '<')
      (11, 0, '&')
      (9, 0, '%')
      (15, 0, '/')
      (11, 0, ')')
      (17, 0, '%')
      (9, 0, ')')
      (15, 0, '+')
      (11, 0, '-')
      (9, 0, '-')
      (10, 0, '%')
      (10, 0, '|')
      (9, 0, '>')
      (14, 0, '%')
      (11, 0, '<')
      (13, 0, '/')
      (15, 0, '&')
      (11, 0, '%')
      (13, 0, '>')
      (13, 0, '+')
      (10, 0, ')')
      (10, 0, '-')
      (9, 0, '&')
      (17, 0, '*')
      (10, 0, '<')
      (11, 0, '|')
      (12, 0, ')')
      (7, 2, '>')
      (17, 0, '&')
      (16, 0, '/')
      (16, 0, '>')
      (7, 2, ')')
      (12, 0, '>')
      (14, 0, ')')
      (12, 0, '-')
      (14, 0, '<')
      (15, 0, '*')
      (16, 0, '+')
      (17, 0, '+')
      (17, 0, '|')
      (7, 2, '%')
      (14, 0, '-')
      (15, 0, '%')
      (17, 0, '/')
      (16, 0, '&')
      (12, 0, '%')
      (12, 0, '*')
      (17, 0, '<')
      (13, 0, '*')
      (15, 0, '-')
      (15, 0, '>')
      (9, 0, '+')
      (9, 0, '|')
      (14, 0, '&')
      (13, 0, '&')
      (15, 0, ')')
      (11, 0, '+')
      (16, 0, '*')
      (14, 0, '*')
      (7, 2, '&')
      (13, 0, '|')
      (12, 0, '&')
      (9, 0, '<')
      (11, 0, '>')
[ 74]
      (13, 0, '-')
      (16, 0, '%')
      (16, 0, '|')
      (13, 0, '<')
      (12, 0, '+')
      (13, 0, ')')
      (14, 0, '|')
      (10, 0, '>')
      (12, 0, '/')
      (13, 0, '%')
      (10, 0, '+')
      (16, 0, '-')
      (10, 0, '&')
      (16, 0, '<')
      (12, 0, '<')
      (14, 0, '+')
      (15, 0, '|')
      (14, 0, '>')
      (16, 0, ')')
      (17, 0, ')')
      (14, 0, '/')
      (17, 0, '-')
      (17, 0, '>')
      (6, 2, '<')
      (12, 0, '|')
      (15, 0, '<')
      (11, 0, '&')
      (9, 0, '%')
      (15, 0, '/')
      (11, 0, ')')
      (17, 0, '%')
      (9, 0, ')')
      (15, 0, '+')
      (6, 2, '|')
      (11, 0, '-')
      (9, 0, '-')
      (10, 0, '%')
      (10, 0, '|')
      (9, 0, '>')
      (14, 0, '%')
      (11, 0, '<')
      (13, 0, '/')
      (15, 0, '&')
      (11, 0, '%')
      (13, 0, '>')
      (13, 0, '+')
      (10, 0, ')')
      (10, 0, '-')
      (9, 0, '&')
      (17, 0, '*')
      (10, 0, '<')
      (11, 0, '|')
      (12, 0, ')')
      (17, 0, '&')
      (16, 0, '/')
      (16, 0, '>')
      (12, 0, '>')
      (14, 0, ')')
      (12, 0, '-')
      (14, 0, '<')
      (6, 2, '%')
      (15, 0, '*')
      (16, 0, '+')
      (17, 0, '+')
      (17, 0, '|')
      (14, 0, '-')
      (15, 0, '%')
      (17, 0, '/')
      (16, 0, '&')
      (6, 2, '>')
      (12, 0, '%')
      (12, 0, '*')
      (17, 0, '<')
      (13, 0, '*')
      (15, 0, '-')
      (6, 2, ')')
      (15, 0, '>')
      (9, 0, '+')
      (9, 0, '|')
      (14, 0, '&')
      (13, 0, '&')
      (6, 2, '&')
      (15, 0, ')')
      (11, 0, '+')
      (16, 0, '*')
      (14, 0, '*')
      (13, 0, '|')
      (12, 0, '&')
      (9, 0, '<')
      (11, 0, '>')
[ 75]
      (31, 0, ';')
      (24, 0, ';')
      (18, 2, ';')
      (25, 0, ';')
      (30, 0, ';')
      (20, 1, 'for')
      (20, 1, 'id')
      (29, 0, ';')
      (26, 0, ';')
      (20, 1, 'if')
      (27, 0, ';')
      (20, 1, 'while')
      (34, 0, 'id')
      (20, 1, 'int')
      (32, 0, 'id')
      (35, 0, 'id')
      (33, 0, 'id')
      (20, 1, 'float')
      (23, 0, ';')
      (22, 0, ';')
      (20, 1, '}')
      (20, 1, 'char')
      (20, 1, 'bool')
      (28, 0, ';')
[ 76]
      (13, 0, '-')
      (4, 0, ';')
      (1, 0, '|')
      (16, 0, '%')
      (16, 0, '|')
      (3, 0, '&')
      (13, 0, '<')
      (12, 0, '+')
      (8, 0, '<')
      (2, 0, ';')
      (14, 0, '|')
      (3, 0, ';')
      (5, 0, '|')
      (12, 0, '/')
      (13, 0, '%')
      (10, 0, '+')
      (16, 0, '-')
      (8, 0, '|')
      (2, 0, '&')
      (12, 0, '<')
      (14, 0, '+')
      (15, 0, '|')
      (29, 4, ';')
      (14, 0, '>')
      (16, 0, '>')
      (10, 0, '&')
      (14, 0, '/')
      (8, 0, '>')
      (5, 0, ';')
      (17, 0, '-')
      (1, 0, '&')
      (17, 0, '>')
      (12, 0, '|')
      (15, 0, '<')
      (11, 0, '&')
      (9, 0, '%')
      (13, 0, ';')
      (7, 0, '&')
      (15, 0, '/')
      (7, 0, '|')
      (6, 0, '>')
      (17, 0, '%')
      (8, 0, ';')
      (14, 0, ';')
      (15, 0, '+')
      (6, 0, '%')
      (11, 0, '-')
      (9, 0, '-')
      (10, 0, '%')
      (10, 0, '|')
      (9, 0, '>')
      (14, 0, '%')
      (17, 0, ';')
      (4, 0, '|')
      (11, 0, '<')
      (7, 0, '<')
      (3, 0, '|')
      (10, 0, '>')
      (13, 0, '/')
      (15, 0, '&')
      (11, 0, '%')
      (13, 0, '>')
      (7, 0, '%')
      (13, 0, '+')
      (10, 0, '-')
      (1, 0, ';')
      (9, 0, '&')
      (6, 0, ';')
      (5, 0, '&')
      (10, 0, '<')
      (8, 0, '&')
      (11, 0, '|')
      (17, 0, '&')
      (16, 0, ';')
      (16, 0, '/')
      (2, 0, '|')
      (15, 0, ';')
      (9, 0, ';')
      (12, 0, '>')
      (12, 0, '-')
      (14, 0, '<')
      (15, 0, '*')
      (16, 0, '+')
      (11, 0, ';')
      (17, 0, '+')
      (17, 0, '|')
      (6, 0, '&')
      (14, 0, '-')
      (6, 0, '|')
      (15, 0, '%')
      (4, 0, '%')
      (17, 0, '/')
      (8, 0, '%')
      (16, 0, '&')
      (16, 0, '<')
      (12, 0, '%')
      (17, 0, '*')
      (7, 0, ';')
      (12, 0, '*')
      (17, 0, '<')
      (13, 0, '*')
      (15, 0, '-')
      (6, 0, '<')
      (15, 0, '>')
      (5, 0, '%')
      (12, 0, ';')
      (9, 0, '+')
      (9, 0, '|')
      (14, 0, '&')
      (13, 0, '&')
      (11, 0, '+')
      (16, 0, '*')
      (14, 0, '*')
      (10, 0, ';')
      (4, 0, '&')
      (13, 0, '|')
      (12, 0, '&')
      (9, 0, '<')
      (11, 0, '>')
      (7, 0, '>')
[ 77]
      (19, 2, ';')
[ 78]
      (27, 0, ';')
      (33, 0, 'id')
      (31, 0, ';')
      (24, 0, ';')
      (22, 0, ';')
      (25, 0, ';')
      (28, 4, ';')
      (29, 0, ';')
      (30, 0, ';')
      (32, 0, 'id')
      (34, 0, 'id')
      (18, 0, ';')
      (19, 0, ';')
      (28, 0, ';')
      (26, 0, ';')
      (23, 0, ';')
      (35, 0, 'id')
[ 79]
      (12, 1, '/')
      (9, 3, '+')
      (12, 1, '<')
      (12, 1, '>')
      (13, 1, '-')
      (9, 3, '&')
      (12, 1, '+')
      (9, 3, '|')
      (13, 1, '<')
      (12, 1, '*')
      (13, 1, '/')
      (12, 1, '%')
      (12, 1, ';')
      (9, 3, '%')
      (13, 1, '>')
      (13, 1, '*')
      (12, 1, '&')
      (13, 1, '+')
      (12, 1, '|')
      (13, 1, '%')
      (9, 3, '>')
      (13, 1, ';')
      (13, 1, '&')
      (9, 3, '<')
      (13, 1, '|')
      (12, 1, '-')
      (9, 3, ';')
      (9, 3, '-')
[ 80]
      (12, 1, '/')
      (10, 3, '|')
      (10, 3, '&')
      (12, 1, '<')
      (12, 1, '>')
      (13, 1, '-')
      (12, 1, '+')
      (13, 1, '<')
      (12, 1, '*')
      (13, 1, '/')
      (10, 3, '-')
      (12, 1, ';')
      (10, 3, '%')
      (13, 1, '>')
      (13, 1, '*')
      (12, 1, '&')
      (10, 3, '<')
      (13, 1, '+')
      (12, 1, '|')
      (10, 3, '>')
      (13, 1, '%')
      (13, 1, ';')
      (10, 3, '+')
      (13, 1, '&')
      (13, 1, '|')
      (10, 3, ';')
      (12, 1, '-')
      (12, 1, '%')
[ 81]
      (12, 3, '-')
      (12, 3, '>')
      (12, 3, '<')
      (12, 3, '+')
      (12, 3, '&')
      (12, 3, '/')
      (12, 3, '*')
      (12, 3, '|')
      (12, 3, '%')
      (12, 3, ';')
[ 82]
      (13, 3, '-')
      (13, 3, '&')
      (13, 3, '|')
      (13, 3, '<')
      (13, 3, '*')
      (13, 3, '/')
      (13, 3, ';')
      (13, 3, '+')
      (13, 3, '%')
      (13, 3, '>')
[ 83]
      (16, 3, '|')
      (16, 3, ';')
      (16, 3, '>')
      (16, 3, '&')
      (16, 3, '/')
      (16, 3, '+')
      (16, 3, '<')
      (16, 3, '%')
      (16, 3, '*')
      (16, 3, '-')
[ 84]
      (4, 3, '%')
      (6, 1, ';')
      (6, 1, '>')
      (7, 1, '&')
      (7, 1, '|')
      (7, 1, '<')
      (6, 1, '&')
      (4, 3, '|')
      (6, 1, '<')
      (6, 1, '%')
      (7, 1, '>')
      (4, 3, ';')
      (7, 1, ';')
      (4, 3, '&')
      (7, 1, '%')
      (6, 1, '|')
[ 85]
      (4, 1, '|')
      (1, 3, '&')
      (4, 1, ';')
      (4, 1, '&')
      (1, 3, ';')
      (4, 1, '%')
      (1, 3, '|')
[ 86]
      (4, 1, '|')
      (4, 1, ';')
      (4, 1, '&')
      (2, 3, '&')
      (4, 1, '%')
      (2, 3, '|')
      (2, 3, ';')
[ 87]
      (10, 1, '>')
      (7, 3, '|')
      (9, 1, '>')
      (10, 1, '+')
      (10, 1, '<')
      (10, 1, ';')
      (9, 1, '%')
      (9, 1, '|')
      (10, 1, '&')
      (9, 1, '&')
      (10, 1, '%')
      (7, 3, '<')
      (10, 1, '|')
      (7, 3, '>')
      (10, 1, '-')
      (9, 1, '+')
      (9, 1, '-')
      (9, 1, ';')
      (7, 3, '%')
      (7, 3, ';')
      (9, 1, '<')
      (7, 3, '&')
[ 88]
      (10, 1, '>')
      (9, 1, '>')
      (6, 3, '|')
      (10, 1, '+')
      (10, 1, '<')
      (10, 1, ';')
      (6, 3, ';')
      (9, 1, '%')
      (9, 1, '|')
      (10, 1, '&')
      (9, 1, '&')
      (10, 1, '%')
      (6, 3, '<')
      (10, 1, '|')
      (6, 3, '>')
      (9, 1, '+')
      (6, 3, '%')
      (9, 1, '-')
      (9, 1, ';')
      (9, 1, '<')
      (10, 1, '-')
      (6, 3, '&')
[ 89]
      (12, 1, '/')
      (9, 3, '+')
      (12, 1, '<')
      (12, 1, ')')
      (9, 3, ')')
      (12, 1, '>')
      (13, 1, '-')
      (9, 3, '&')
      (12, 1, '+')
      (9, 3, '|')
      (13, 1, '<')
      (12, 1, '*')
      (13, 1, '/')
      (12, 1, '%')
      (9, 3, '%')
      (13, 1, '>')
      (13, 1, ')')
      (13, 1, '*')
      (12, 1, '&')
      (13, 1, '+')
      (12, 1, '|')
      (13, 1, '%')
      (9, 3, '>')
      (13, 1, '&')
      (9, 3, '<')
      (13, 1, '|')
      (12, 1, '-')
      (9, 3, '-')
[ 90]
      (12, 1, '/')
      (10, 3, '|')
      (10, 3, '&')
      (12, 1, '<')
      (12, 1, ')')
      (12, 1, '>')
      (13, 1, '-')
      (12, 1, '+')
      (13, 1, '<')
      (12, 1, '*')
      (13, 1, '/')
      (10, 3, '-')
      (10, 3, '%')
      (13, 1, '>')
      (13, 1, ')')
      (13, 1, '*')
      (12, 1, '&')
      (10, 3, '<')
      (13, 1, '+')
      (10, 3, ')')
      (12, 1, '|')
      (10, 3, '>')
      (13, 1, '%')
      (10, 3, '+')
      (13, 1, '&')
      (13, 1, '|')
      (12, 1, '-')
      (12, 1, '%')
[ 91]
      (12, 3, '-')
      (12, 3, '>')
      (12, 3, '<')
      (12, 3, '+')
      (12, 3, '&')
      (12, 3, '/')
      (12, 3, '*')
      (12, 3, '|')
      (12, 3, '%')
      (12, 3, ')')
[ 92]
      (13, 3, '-')
      (13, 3, '&')
      (13, 3, ')')
      (13, 3, '|')
      (13, 3, '<')
      (13, 3, '*')
      (13, 3, '/')
      (13, 3, '+')
      (13, 3, '%')
      (13, 3, '>')
[ 93]
      (16, 3, ')')
      (16, 3, '>')
      (16, 3, '&')
      (16, 3, '/')
      (16, 3, '+')
      (16, 3, '<')
      (16, 3, '%')
      (16, 3, '|')
      (16, 3, '*')
      (16, 3, '-')
[ 94]
      (4, 3, '%')
      (6, 1, ')')
      (6, 1, '>')
      (7, 1, '&')
      (7, 1, ')')
      (7, 1, '|')
      (7, 1, '<')
      (6, 1, '&')
      (4, 3, '|')
      (6, 1, '<')
      (4, 3, ')')
      (7, 1, '>')
      (4, 3, '&')
      (7, 1, '%')
      (6, 1, '|')
      (6, 1, '%')
[ 95]
      (4, 1, '|')
      (1, 3, '&')
      (4, 1, ')')
      (4, 1, '&')
      (1, 3, ')')
      (4, 1, '%')
      (1, 3, '|')
[ 96]
      (27, 5, ';')
[ 97]
      (4, 1, '|')
      (4, 1, ')')
      (4, 1, '&')
      (2, 3, '&')
      (4, 1, '%')
      (2, 3, '|')
      (2, 3, ')')
[ 98]
      (10, 1, '>')
      (7, 3, '|')
      (9, 1, '>')
      (10, 1, '+')
      (10, 1, '<')
      (10, 1, ')')
      (9, 1, '%')
      (9, 1, '|')
      (10, 1, '&')
      (9, 1, '&')
      (10, 1, '%')
      (7, 3, '<')
      (10, 1, '|')
      (7, 3, '>')
      (9, 1, ')')
      (7, 3, ')')
      (10, 1, '-')
      (9, 1, '+')
      (9, 1, '-')
      (7, 3, '%')
      (9, 1, '<')
      (7, 3, '&')
[ 99]
      (10, 1, '>')
      (9, 1, '>')
      (6, 3, '|')
      (10, 1, '+')
      (10, 1, '<')
      (6, 3, ')')
      (10, 1, ')')
      (9, 1, '%')
      (9, 1, '|')
      (10, 1, '&')
      (9, 1, '&')
      (10, 1, '%')
      (6, 3, '<')
      (10, 1, '|')
      (9, 1, ')')
      (6, 3, '>')
      (9, 1, '+')
      (6, 3, '%')
      (9, 1, '-')
      (9, 1, '<')
      (10, 1, '-')
      (6, 3, '&')
[100]
      (18, 3, ';')
[101]
      (2, 1, '&')
      (1, 1, '&')
      (2, 1, '|')
      (29, 5, ';')
      (1, 1, ';')
      (2, 1, ';')
      (1, 1, '|')
[102]
      (28, 5, ';')
[103]
      (29, 6, ';')
      (27, 0, ';')
      (33, 0, 'id')
      (31, 0, ';')
      (24, 0, ';')
      (22, 0, ';')
      (25, 0, ';')
      (29, 0, ';')
      (30, 0, ';')
      (34, 0, 'id')
      (18, 0, ')')
      (32, 0, 'id')
      (28, 0, ';')
      (19, 0, ')')
      (26, 0, ';')
      (23, 0, ';')
      (35, 0, 'id')
[104]
      (21, 0, 'bool')
      (21, 0, 'for')
      (31, 0, ';')
      (24, 0, ';')
      (20, 0, 'if')
      (25, 0, ';')
      (20, 0, 'int')
      (21, 0, 'if')
      (33, 0, 'id')
      (20, 0, 'id')
      (26, 0, ';')
      (21, 0, 'id')
      (27, 0, ';')
      (34, 0, 'id')
      (32, 0, 'id')
      (20, 0, '}')
      (18, 1, ')')
      (21, 0, 'float')
      (20, 0, 'bool')
      (21, 0, 'int')
      (20, 0, 'for')
      (20, 0, 'char')
      (21, 0, 'while')
      (20, 0, 'while')
      (30, 0, ';')
      (23, 0, ';')
      (22, 0, ';')
      (29, 0, ';')
      (35, 0, 'id')
      (21, 0, '}')
      (28, 0, ';')
      (20, 0, 'float')
      (21, 0, 'char')
[105]
      (29, 7, ';')
[106]
      (19, 1, ')')
[107]
      (31, 0, ';')
      (24, 0, ';')
      (18, 2, ')')
      (25, 0, ';')
      (30, 0, ';')
      (20, 1, 'for')
      (20, 1, 'id')
      (29, 0, ';')
      (26, 0, ';')
      (20, 1, 'if')
      (27, 0, ';')
      (20, 1, 'while')
      (34, 0, 'id')
      (20, 1, 'int')
      (32, 0, 'id')
      (35, 0, 'id')
      (33, 0, 'id')
      (20, 1, 'float')
      (23, 0, ';')
      (22, 0, ';')
      (20, 1, '}')
      (20, 1, 'char')
      (20, 1, 'bool')
      (28, 0, ';')
[108]
      (27, 0, ';')
      (33, 0, 'id')
      (31, 0, ';')
      (24, 0, ';')
      (29, 8, ';')
      (22, 0, ';')
      (25, 0, ';')
      (29, 0, ';')
      (30, 0, ';')
      (32, 0, 'id')
      (34, 0, 'id')
      (18, 0, ';')
      (19, 0, ';')
      (28, 0, ';')
      (26, 0, ';')
      (23, 0, ';')
      (35, 0, 'id')
[109]
      (19, 2, ')')
[110]
      (18, 3, ')')
[111]
      (29, 9, ';')
[   ]   int| float|  char|    id|    if|     !|     #|     %|   for|     &|     )|     (|     +|     *|     -|     /|  bool|     ;|     =|     <|     >| while|     {|     }|     || forsent| section'|  exp2|  exp1| whilesent| ifsent|  exp5|  exp4|  exp3|   exp| eqlsent| sents| initsent|  type| section|  sent|
[  0]    S2|    S4|    S6|   S10|   S11|      |      |      |   S12|      |      |      |      |      |      |      |   S14|      |      |      |      |   S13|    S9|      |      |     1|      |      |      |     3|     5|      |      |      |      |     8|      |    15|     7|    16|    17|
[  1]      |      |      |      |      |      |      |      |      |      |      |      |      |      |      |      |      |   r24|      |      |      |      |      |      |      |      |      |      |      |      |      |      |      |      |      |      |      |      |      |      |      |
[  2]      |      |      |   r32|      |      |      |      |      |      |      |      |      |      |      |      |      |      |      |      |      |      |      |      |      |      |      |      |      |      |      |      |      |      |      |      |      |      |      |      |      |
[  3]      |      |      |      |      |      |      |      |      |      |      |      |      |      |      |      |      |   r23|      |      |      |      |      |      |      |      |      |      |      |      |      |      |      |      |      |      |      |      |      |      |      |
[  4]      |      |      |   r34|      |      |      |      |      |      |      |      |      |      |      |      |      |      |      |      |      |      |      |      |      |      |      |      |      |      |      |      |      |      |      |      |      |      |      |      |      |
[  5]      |      |      |      |      |      |      |      |      |      |      |      |      |      |      |      |      |   r22|      |      |      |      |      |      |      |      |      |      |      |      |      |      |      |      |      |      |      |      |      |      |      |
[  6]      |      |      |   r35|      |      |      |      |      |      |      |      |      |      |      |      |      |      |      |      |      |      |      |      |      |      |      |      |      |      |      |      |      |      |      |      |      |      |      |      |      |
[  7]      |      |      |   S18|      |      |      |      |      |      |      |      |      |      |      |      |      |      |      |      |      |      |      |      |      |      |      |      |      |      |      |      |      |      |      |      |      |      |      |      |      |
[  8]      |      |      |      |      |      |      |      |      |      |      |      |      |      |      |      |      |   r26|      |      |      |      |      |      |      |      |      |      |      |      |      |      |      |      |      |      |      |      |      |      |      |
[  9]    S2|    S4|    S6|   S10|   S11|      |      |      |   S12|      |      |      |      |      |      |      |   S14|      |      |      |      |   S13|      |      |      |     1|      |      |      |     3|     5|      |      |      |      |     8|    19|    15|     7|      |    20|
[ 10]      |      |      |      |      |      |      |      |      |      |      |      |      |      |      |      |      |      |   S21|      |      |      |      |      |      |      |      |      |      |      |      |      |      |      |      |      |      |      |      |      |      |
[ 11]      |      |      |      |      |      |      |      |      |      |      |   S22|      |      |      |      |      |      |      |      |      |      |      |      |      |      |      |      |      |      |      |      |      |      |      |      |      |      |      |      |      |
[ 12]      |      |      |      |      |      |      |      |      |      |      |   S23|      |      |      |      |      |      |      |      |      |      |      |      |      |      |      |      |      |      |      |      |      |      |      |      |      |      |      |      |      |
[ 13]      |      |      |      |      |      |      |      |      |      |      |   S24|      |      |      |      |      |      |      |      |      |      |      |      |      |      |      |      |      |      |      |      |      |      |      |      |      |      |      |      |      |
[ 14]      |      |      |   r33|      |      |      |      |      |      |      |      |      |      |      |      |      |      |      |      |      |      |      |      |      |      |      |      |      |      |      |      |      |      |      |      |      |      |      |      |      |
[ 15]      |      |      |      |      |      |      |      |      |      |      |      |      |      |      |      |      |   r25|      |      |      |      |      |      |      |      |      |      |      |      |      |      |      |      |      |      |      |      |      |      |      |
[ 16]      |      |      |      |      |      |  acc0|      |      |      |      |      |      |      |      |      |      |      |      |      |      |      |      |      |      |      |      |      |      |      |      |      |      |      |      |      |      |      |      |      |      |
[ 17]      |      |      |      |      |      |      |      |      |      |      |      |      |      |      |      |      |   S25|      |      |      |      |      |      |      |      |      |      |      |      |      |      |      |      |      |      |      |      |      |      |      |
[ 18]      |      |      |      |      |      |      |      |      |      |      |      |      |      |      |      |      |   r30|      |      |      |      |      |      |      |      |      |      |      |      |      |      |      |      |      |      |      |      |      |      |      |
[ 19]    S2|    S4|    S6|   S10|   S11|      |      |      |   S12|      |      |      |      |      |      |      |   S14|      |      |      |      |   S13|      |   S26|      |     1|      |      |      |     3|     5|      |      |      |      |     8|      |    15|     7|      |    27|
[ 20]      |      |      |      |      |      |      |      |      |      |      |      |      |      |      |      |      |   S28|      |      |      |      |      |      |      |      |      |      |      |      |      |      |      |      |      |      |      |      |      |      |      |
[ 21]      |      |      |   S32|      |   S33|      |      |      |      |      |   S34|      |      |      |      |      |      |      |      |      |      |      |      |      |      |      |    37|    35|      |      |    30|    31|    29|    36|      |      |      |      |      |      |
[ 22]      |      |      |   S41|      |   S42|      |      |      |      |      |   S43|      |      |      |      |      |      |      |      |      |      |      |      |      |      |      |    46|    44|      |      |    39|    40|    38|    45|      |      |      |      |      |      |
[ 23]    S2|    S4|    S6|   S10|   S11|      |      |      |   S12|      |      |      |      |      |      |      |   S14|      |      |      |      |   S13|   S47|      |      |     1|      |      |      |     3|     5|      |      |      |      |     8|      |    15|     7|    48|    49|
[ 24]      |      |      |   S41|      |   S42|      |      |      |      |      |   S43|      |      |      |      |      |      |      |      |      |      |      |      |      |      |      |    46|    44|      |      |    39|    40|    38|    50|      |      |      |      |      |      |
[ 25]      |      |      |      |      |      |   r19|      |      |      |      |      |      |      |      |      |      |      |      |      |      |      |      |      |      |      |      |      |      |      |      |      |      |      |      |      |      |      |      |      |      |
[ 26]      |      |      |      |      |      |   r18|      |      |      |      |      |      |      |      |      |      |      |      |      |      |      |      |      |      |      |      |      |      |      |      |      |      |      |      |      |      |      |      |      |      |
[ 27]      |      |      |      |      |      |      |      |      |      |      |      |      |      |      |      |      |   S51|      |      |      |      |      |      |      |      |      |      |      |      |      |      |      |      |      |      |      |      |      |      |      |
[ 28]   r21|   r21|   r21|   r21|   r21|      |      |      |   r21|      |      |      |      |      |      |      |   r21|      |      |      |      |   r21|      |   r21|      |      |      |      |      |      |      |      |      |      |      |      |      |      |      |      |      |
[ 29]      |      |      |      |      |      |      |    r8|      |    r8|      |      |   S52|      |   S53|      |      |    r8|      |    r8|    r8|      |      |      |    r8|      |      |      |      |      |      |      |      |      |      |      |      |      |      |      |      |
[ 30]      |      |      |      |      |      |      |   r14|      |   r14|      |      |   r14|   r14|   r14|   r14|      |   r14|      |   r14|   r14|      |      |      |   r14|      |      |      |      |      |      |      |      |      |      |      |      |      |      |      |      |
[ 31]      |      |      |      |      |      |      |   r11|      |   r11|      |      |   r11|   S54|   r11|   S55|      |   r11|      |   r11|   r11|      |      |      |   r11|      |      |      |      |      |      |      |      |      |      |      |      |      |      |      |      |
[ 32]      |      |      |      |      |      |      |   r17|      |   r17|      |      |   r17|   r17|   r17|   r17|      |   r17|      |   r17|   r17|      |      |      |   r17|      |      |      |      |      |      |      |      |      |      |      |      |      |      |      |      |
[ 33]      |      |      |   S32|      |   S33|      |      |      |      |      |   S34|      |      |      |      |      |      |      |      |      |      |      |      |      |      |      |      |      |      |      |    56|      |      |      |      |      |      |      |      |      |
[ 34]      |      |      |   S41|      |   S42|      |      |      |      |      |   S43|      |      |      |      |      |      |      |      |      |      |      |      |      |      |      |    46|    44|      |      |    39|    40|    38|    57|      |      |      |      |      |      |
[ 35]      |      |      |      |      |      |      |   S58|      |    r3|      |      |      |      |      |      |      |    r3|      |      |      |      |      |      |    r3|      |      |      |      |      |      |      |      |      |      |      |      |      |      |      |      |
[ 36]      |      |      |      |      |      |      |      |      |   S59|      |      |      |      |      |      |      |   r31|      |      |      |      |      |      |   S60|      |      |      |      |      |      |      |      |      |      |      |      |      |      |      |      |
[ 37]      |      |      |      |      |      |      |    r5|      |    r5|      |      |      |      |      |      |      |    r5|      |   S61|   S62|      |      |      |    r5|      |      |      |      |      |      |      |      |      |      |      |      |      |      |      |      |
[ 38]      |      |      |      |      |      |      |    r8|      |    r8|    r8|      |   S63|      |   S64|      |      |      |      |    r8|    r8|      |      |      |    r8|      |      |      |      |      |      |      |      |      |      |      |      |      |      |      |      |
[ 39]      |      |      |      |      |      |      |   r14|      |   r14|   r14|      |   r14|   r14|   r14|   r14|      |      |      |   r14|   r14|      |      |      |   r14|      |      |      |      |      |      |      |      |      |      |      |      |      |      |      |      |
[ 40]      |      |      |      |      |      |      |   r11|      |   r11|   r11|      |   r11|   S65|   r11|   S66|      |      |      |   r11|   r11|      |      |      |   r11|      |      |      |      |      |      |      |      |      |      |      |      |      |      |      |      |
[ 41]      |      |      |      |      |      |      |   r17|      |   r17|   r17|      |   r17|   r17|   r17|   r17|      |      |      |   r17|   r17|      |      |      |   r17|      |      |      |      |      |      |      |      |      |      |      |      |      |      |      |      |
[ 42]      |      |      |   S41|      |   S42|      |      |      |      |      |   S43|      |      |      |      |      |      |      |      |      |      |      |      |      |      |      |      |      |      |      |    67|      |      |      |      |      |      |      |      |      |
[ 43]      |      |      |   S41|      |   S42|      |      |      |      |      |   S43|      |      |      |      |      |      |      |      |      |      |      |      |      |      |      |    46|    44|      |      |    39|    40|    38|    68|      |      |      |      |      |      |
[ 44]      |      |      |      |      |      |      |   S69|      |    r3|    r3|      |      |      |      |      |      |      |      |      |      |      |      |      |    r3|      |      |      |      |      |      |      |      |      |      |      |      |      |      |      |      |
[ 45]      |      |      |      |      |      |      |      |      |   S70|   S71|      |      |      |      |      |      |      |      |      |      |      |      |      |   S72|      |      |      |      |      |      |      |      |      |      |      |      |      |      |      |      |
[ 46]      |      |      |      |      |      |      |    r5|      |    r5|    r5|      |      |      |      |      |      |      |      |   S73|   S74|      |      |      |    r5|      |      |      |      |      |      |      |      |      |      |      |      |      |      |      |      |
[ 47]    S2|    S4|    S6|   S10|   S11|      |      |      |   S12|      |      |      |      |      |      |      |   S14|      |      |      |      |   S13|      |      |      |     1|      |      |      |     3|     5|      |      |      |      |     8|    75|    15|     7|      |    20|
[ 48]      |      |      |      |      |      |      |      |      |      |      |      |      |      |      |      |      |   S76|      |      |      |      |      |      |      |      |      |      |      |      |      |      |      |      |      |      |      |      |      |      |      |
[ 49]      |      |      |      |      |      |      |      |      |      |      |      |      |      |      |      |      |   S77|      |      |      |      |      |      |      |      |      |      |      |      |      |      |      |      |      |      |      |      |      |      |      |
[ 50]      |      |      |      |      |      |      |      |      |   S70|   S78|      |      |      |      |      |      |      |      |      |      |      |      |      |   S72|      |      |      |      |      |      |      |      |      |      |      |      |      |      |      |      |
[ 51]   r20|   r20|   r20|   r20|   r20|      |      |      |   r20|      |      |      |      |      |      |      |   r20|      |      |      |      |   r20|      |   r20|      |      |      |      |      |      |      |      |      |      |      |      |      |      |      |      |      |
[ 52]      |      |      |   S32|      |   S33|      |      |      |      |      |   S34|      |      |      |      |      |      |      |      |      |      |      |      |      |      |      |      |      |      |      |    30|    79|      |      |      |      |      |      |      |      |
[ 53]      |      |      |   S32|      |   S33|      |      |      |      |      |   S34|      |      |      |      |      |      |      |      |      |      |      |      |      |      |      |      |      |      |      |    30|    80|      |      |      |      |      |      |      |      |
[ 54]      |      |      |   S32|      |   S33|      |      |      |      |      |   S34|      |      |      |      |      |      |      |      |      |      |      |      |      |      |      |      |      |      |      |    81|      |      |      |      |      |      |      |      |      |
[ 55]      |      |      |   S32|      |   S33|      |      |      |      |      |   S34|      |      |      |      |      |      |      |      |      |      |      |      |      |      |      |      |      |      |      |    82|      |      |      |      |      |      |      |      |      |
[ 56]      |      |      |      |      |      |      |   r15|      |   r15|      |      |   r15|   r15|   r15|   r15|      |   r15|      |   r15|   r15|      |      |      |   r15|      |      |      |      |      |      |      |      |      |      |      |      |      |      |      |      |
[ 57]      |      |      |      |      |      |      |      |      |   S70|   S83|      |      |      |      |      |      |      |      |      |      |      |      |      |   S72|      |      |      |      |      |      |      |      |      |      |      |      |      |      |      |      |
[ 58]      |      |      |   S32|      |   S33|      |      |      |      |      |   S34|      |      |      |      |      |      |      |      |      |      |      |      |      |      |      |    84|      |      |      |    30|    31|    29|      |      |      |      |      |      |      |
[ 59]      |      |      |   S32|      |   S33|      |      |      |      |      |   S34|      |      |      |      |      |      |      |      |      |      |      |      |      |      |      |    37|    85|      |      |    30|    31|    29|      |      |      |      |      |      |      |
[ 60]      |      |      |   S32|      |   S33|      |      |      |      |      |   S34|      |      |      |      |      |      |      |      |      |      |      |      |      |      |      |    37|    86|      |      |    30|    31|    29|      |      |      |      |      |      |      |
[ 61]      |      |      |   S32|      |   S33|      |      |      |      |      |   S34|      |      |      |      |      |      |      |      |      |      |      |      |      |      |      |      |      |      |      |    30|    31|    87|      |      |      |      |      |      |      |
[ 62]      |      |      |   S32|      |   S33|      |      |      |      |      |   S34|      |      |      |      |      |      |      |      |      |      |      |      |      |      |      |      |      |      |      |    30|    31|    88|      |      |      |      |      |      |      |
[ 63]      |      |      |   S41|      |   S42|      |      |      |      |      |   S43|      |      |      |      |      |      |      |      |      |      |      |      |      |      |      |      |      |      |      |    39|    89|      |      |      |      |      |      |      |      |
[ 64]      |      |      |   S41|      |   S42|      |      |      |      |      |   S43|      |      |      |      |      |      |      |      |      |      |      |      |      |      |      |      |      |      |      |    39|    90|      |      |      |      |      |      |      |      |
[ 65]      |      |      |   S41|      |   S42|      |      |      |      |      |   S43|      |      |      |      |      |      |      |      |      |      |      |      |      |      |      |      |      |      |      |    91|      |      |      |      |      |      |      |      |      |
[ 66]      |      |      |   S41|      |   S42|      |      |      |      |      |   S43|      |      |      |      |      |      |      |      |      |      |      |      |      |      |      |      |      |      |      |    92|      |      |      |      |      |      |      |      |      |
[ 67]      |      |      |      |      |      |      |   r15|      |   r15|   r15|      |   r15|   r15|   r15|   r15|      |      |      |   r15|   r15|      |      |      |   r15|      |      |      |      |      |      |      |      |      |      |      |      |      |      |      |      |
[ 68]      |      |      |      |      |      |      |      |      |   S70|   S93|      |      |      |      |      |      |      |      |      |      |      |      |      |   S72|      |      |      |      |      |      |      |      |      |      |      |      |      |      |      |      |
[ 69]      |      |      |   S41|      |   S42|      |      |      |      |      |   S43|      |      |      |      |      |      |      |      |      |      |      |      |      |      |      |    94|      |      |      |    39|    40|    38|      |      |      |      |      |      |      |
[ 70]      |      |      |   S41|      |   S42|      |      |      |      |      |   S43|      |      |      |      |      |      |      |      |      |      |      |      |      |      |      |    46|    95|      |      |    39|    40|    38|      |      |      |      |      |      |      |
[ 71]    S2|    S4|    S6|   S10|   S11|      |      |      |   S12|      |      |      |      |      |      |      |   S14|      |      |      |      |   S13|   S47|      |      |     1|      |      |      |     3|     5|      |      |      |      |     8|      |    15|     7|    96|    49|
[ 72]      |      |      |   S41|      |   S42|      |      |      |      |      |   S43|      |      |      |      |      |      |      |      |      |      |      |      |      |      |      |    46|    97|      |      |    39|    40|    38|      |      |      |      |      |      |      |
[ 73]      |      |      |   S41|      |   S42|      |      |      |      |      |   S43|      |      |      |      |      |      |      |      |      |      |      |      |      |      |      |      |      |      |      |    39|    40|    98|      |      |      |      |      |      |      |
[ 74]      |      |      |   S41|      |   S42|      |      |      |      |      |   S43|      |      |      |      |      |      |      |      |      |      |      |      |      |      |      |      |      |      |      |    39|    40|    99|      |      |      |      |      |      |      |
[ 75]    S2|    S4|    S6|   S10|   S11|      |      |      |   S12|      |      |      |      |      |      |      |   S14|      |      |      |      |   S13|      |  S100|      |     1|      |      |      |     3|     5|      |      |      |      |     8|      |    15|     7|      |    27|
[ 76]      |      |      |   S32|      |   S33|      |      |      |      |      |   S34|      |      |      |      |      |      |      |      |      |      |      |      |      |      |      |    37|    35|      |      |    30|    31|    29|   101|      |      |      |      |      |      |
[ 77]      |      |      |      |      |      |      |      |      |      |      |      |      |      |      |      |      |   r19|      |      |      |      |      |      |      |      |      |      |      |      |      |      |      |      |      |      |      |      |      |      |      |
[ 78]    S2|    S4|    S6|   S10|   S11|      |      |      |   S12|      |      |      |      |      |      |      |   S14|      |      |      |      |   S13|   S47|      |      |     1|      |      |      |     3|     5|      |      |      |      |     8|      |    15|     7|   102|    49|
[ 79]      |      |      |      |      |      |      |    r9|      |    r9|      |      |    r9|   S54|    r9|   S55|      |    r9|      |    r9|    r9|      |      |      |    r9|      |      |      |      |      |      |      |      |      |      |      |      |      |      |      |      |
[ 80]      |      |      |      |      |      |      |   r10|      |   r10|      |      |   r10|   S54|   r10|   S55|      |   r10|      |   r10|   r10|      |      |      |   r10|      |      |      |      |      |      |      |      |      |      |      |      |      |      |      |      |
[ 81]      |      |      |      |      |      |      |   r12|      |   r12|      |      |   r12|   r12|   r12|   r12|      |   r12|      |   r12|   r12|      |      |      |   r12|      |      |      |      |      |      |      |      |      |      |      |      |      |      |      |      |
[ 82]      |      |      |      |      |      |      |   r13|      |   r13|      |      |   r13|   r13|   r13|   r13|      |   r13|      |   r13|   r13|      |      |      |   r13|      |      |      |      |      |      |      |      |      |      |      |      |      |      |      |      |
[ 83]      |      |      |      |      |      |      |   r16|      |   r16|      |      |   r16|   r16|   r16|   r16|      |   r16|      |   r16|   r16|      |      |      |   r16|      |      |      |      |      |      |      |      |      |      |      |      |      |      |      |      |
[ 84]      |      |      |      |      |      |      |    r4|      |    r4|      |      |      |      |      |      |      |    r4|      |   S61|   S62|      |      |      |    r4|      |      |      |      |      |      |      |      |      |      |      |      |      |      |      |      |
[ 85]      |      |      |      |      |      |      |   S58|      |    r1|      |      |      |      |      |      |      |    r1|      |      |      |      |      |      |    r1|      |      |      |      |      |      |      |      |      |      |      |      |      |      |      |      |
[ 86]      |      |      |      |      |      |      |   S58|      |    r2|      |      |      |      |      |      |      |    r2|      |      |      |      |      |      |    r2|      |      |      |      |      |      |      |      |      |      |      |      |      |      |      |      |
[ 87]      |      |      |      |      |      |      |    r7|      |    r7|      |      |   S52|      |   S53|      |      |    r7|      |    r7|    r7|      |      |      |    r7|      |      |      |      |      |      |      |      |      |      |      |      |      |      |      |      |
[ 88]      |      |      |      |      |      |      |    r6|      |    r6|      |      |   S52|      |   S53|      |      |    r6|      |    r6|    r6|      |      |      |    r6|      |      |      |      |      |      |      |      |      |      |      |      |      |      |      |      |
[ 89]      |      |      |      |      |      |      |    r9|      |    r9|    r9|      |    r9|   S65|    r9|   S66|      |      |      |    r9|    r9|      |      |      |    r9|      |      |      |      |      |      |      |      |      |      |      |      |      |      |      |      |
[ 90]      |      |      |      |      |      |      |   r10|      |   r10|   r10|      |   r10|   S65|   r10|   S66|      |      |      |   r10|   r10|      |      |      |   r10|      |      |      |      |      |      |      |      |      |      |      |      |      |      |      |      |
[ 91]      |      |      |      |      |      |      |   r12|      |   r12|   r12|      |   r12|   r12|   r12|   r12|      |      |      |   r12|   r12|      |      |      |   r12|      |      |      |      |      |      |      |      |      |      |      |      |      |      |      |      |
[ 92]      |      |      |      |      |      |      |   r13|      |   r13|   r13|      |   r13|   r13|   r13|   r13|      |      |      |   r13|   r13|      |      |      |   r13|      |      |      |      |      |      |      |      |      |      |      |      |      |      |      |      |
[ 93]      |      |      |      |      |      |      |   r16|      |   r16|   r16|      |   r16|   r16|   r16|   r16|      |      |      |   r16|   r16|      |      |      |   r16|      |      |      |      |      |      |      |      |      |      |      |      |      |      |      |      |
[ 94]      |      |      |      |      |      |      |    r4|      |    r4|    r4|      |      |      |      |      |      |      |      |   S73|   S74|      |      |      |    r4|      |      |      |      |      |      |      |      |      |      |      |      |      |      |      |      |
[ 95]      |      |      |      |      |      |      |   S69|      |    r1|    r1|      |      |      |      |      |      |      |      |      |      |      |      |      |    r1|      |      |      |      |      |      |      |      |      |      |      |      |      |      |      |      |
[ 96]      |      |      |      |      |      |      |      |      |      |      |      |      |      |      |      |      |   r27|      |      |      |      |      |      |      |      |      |      |      |      |      |      |      |      |      |      |      |      |      |      |      |
[ 97]      |      |      |      |      |      |      |   S69|      |    r2|    r2|      |      |      |      |      |      |      |      |      |      |      |      |      |    r2|      |      |      |      |      |      |      |      |      |      |      |      |      |      |      |      |
[ 98]      |      |      |      |      |      |      |    r7|      |    r7|    r7|      |   S63|      |   S64|      |      |      |      |    r7|    r7|      |      |      |    r7|      |      |      |      |      |      |      |      |      |      |      |      |      |      |      |      |
[ 99]      |      |      |      |      |      |      |    r6|      |    r6|    r6|      |   S63|      |   S64|      |      |      |      |    r6|    r6|      |      |      |    r6|      |      |      |      |      |      |      |      |      |      |      |      |      |      |      |      |
[100]      |      |      |      |      |      |      |      |      |      |      |      |      |      |      |      |      |   r18|      |      |      |      |      |      |      |      |      |      |      |      |      |      |      |      |      |      |      |      |      |      |      |
[101]      |      |      |      |      |      |      |      |      |   S59|      |      |      |      |      |      |      |  S103|      |      |      |      |      |      |   S60|      |      |      |      |      |      |      |      |      |      |      |      |      |      |      |      |
[102]      |      |      |      |      |      |      |      |      |      |      |      |      |      |      |      |      |   r28|      |      |      |      |      |      |      |      |      |      |      |      |      |      |      |      |      |      |      |      |      |      |      |
[103]    S2|    S4|    S6|   S10|   S11|      |      |      |   S12|      |      |      |      |      |      |      |   S14|      |      |      |      |   S13|  S104|      |      |     1|      |      |      |     3|     5|      |      |      |      |     8|      |    15|     7|   105|   106|
[104]    S2|    S4|    S6|   S10|   S11|      |      |      |   S12|      |      |      |      |      |      |      |   S14|      |      |      |      |   S13|      |      |      |     1|      |      |      |     3|     5|      |      |      |      |     8|   107|    15|     7|      |    20|
[105]      |      |      |      |      |      |      |      |      |      |  S108|      |      |      |      |      |      |      |      |      |      |      |      |      |      |      |      |      |      |      |      |      |      |      |      |      |      |      |      |      |      |
[106]      |      |      |      |      |      |      |      |      |      |      |      |      |      |      |      |      |  S109|      |      |      |      |      |      |      |      |      |      |      |      |      |      |      |      |      |      |      |      |      |      |      |
[107]    S2|    S4|    S6|   S10|   S11|      |      |      |   S12|      |      |      |      |      |      |      |   S14|      |      |      |      |   S13|      |  S110|      |     1|      |      |      |     3|     5|      |      |      |      |     8|      |    15|     7|      |    27|
[108]    S2|    S4|    S6|   S10|   S11|      |      |      |   S12|      |      |      |      |      |      |      |   S14|      |      |      |      |   S13|   S47|      |      |     1|      |      |      |     3|     5|      |      |      |      |     8|      |    15|     7|   111|    49|
[109]      |      |      |      |      |      |      |      |      |      |   r19|      |      |      |      |      |      |      |      |      |      |      |      |      |      |      |      |      |      |      |      |      |      |      |      |      |      |      |      |      |      |
[110]      |      |      |      |      |      |      |      |      |      |   r18|      |      |      |      |      |      |      |      |      |      |      |      |      |      |      |      |      |      |      |      |      |      |      |      |      |      |      |      |      |      |
[111]      |      |      |      |      |      |      |      |      |      |      |      |      |      |      |      |      |   r29|      |      |      |      |      |      |      |      |      |      |      |      |      |      |      |      |      |      |      |      |      |      |      |
